Determining if the function __infinity exists failed with the following output:
Change Dir: /Users/showell/Development/mysql-cloud-engine/mysql-5.5.25a/CMakeFiles/CMakeTmp

Run Build Command:/usr/bin/make "cmTryCompileExec2548037877/fast"
/usr/bin/make -f CMakeFiles/cmTryCompileExec2548037877.dir/build.make CMakeFiles/cmTryCompileExec2548037877.dir/build
/usr/local/Cellar/cmake/2.8.8/bin/cmake -E cmake_progress_report /Users/showell/Development/mysql-cloud-engine/mysql-5.5.25a/CMakeFiles/CMakeTmp/CMakeFiles 1
Building C object CMakeFiles/cmTryCompileExec2548037877.dir/CheckFunctionExists.c.o
/usr/bin/gcc   -Wall  -DCHECK_FUNCTION_EXISTS=__infinity   -o CMakeFiles/cmTryCompileExec2548037877.dir/CheckFunctionExists.c.o   -c /usr/local/Cellar/cmake/2.8.8/share/cmake/Modules/CheckFunctionExists.c
Linking C executable cmTryCompileExec2548037877
/usr/local/Cellar/cmake/2.8.8/bin/cmake -E cmake_link_script CMakeFiles/cmTryCompileExec2548037877.dir/link.txt --verbose=1
/usr/bin/gcc    -Wall  -DCHECK_FUNCTION_EXISTS=__infinity -Wl,-search_paths_first -Wl,-headerpad_max_install_names   CMakeFiles/cmTryCompileExec2548037877.dir/CheckFunctionExists.c.o  -o cmTryCompileExec2548037877  
Undefined symbols for architecture x86_64:
  "___infinity", referenced from:
      _main in CheckFunctionExists.c.o
ld: symbol(s) not found for architecture x86_64
collect2: ld returned 1 exit status
make[1]: *** [cmTryCompileExec2548037877] Error 1
make: *** [cmTryCompileExec2548037877/fast] Error 2


Determining if the function __infinity exists in the m failed with the following output:
Change Dir: /Users/showell/Development/mysql-cloud-engine/mysql-5.5.25a/CMakeFiles/CMakeTmp

Run Build Command:/usr/bin/make "cmTryCompileExec2720350734/fast"
/usr/bin/make -f CMakeFiles/cmTryCompileExec2720350734.dir/build.make CMakeFiles/cmTryCompileExec2720350734.dir/build
/usr/local/Cellar/cmake/2.8.8/bin/cmake -E cmake_progress_report /Users/showell/Development/mysql-cloud-engine/mysql-5.5.25a/CMakeFiles/CMakeTmp/CMakeFiles 1
Building C object CMakeFiles/cmTryCompileExec2720350734.dir/CheckFunctionExists.c.o
/usr/bin/gcc   -Wall  -DCHECK_FUNCTION_EXISTS=__infinity   -o CMakeFiles/cmTryCompileExec2720350734.dir/CheckFunctionExists.c.o   -c /usr/local/Cellar/cmake/2.8.8/share/cmake/Modules/CheckFunctionExists.c
Linking C executable cmTryCompileExec2720350734
/usr/local/Cellar/cmake/2.8.8/bin/cmake -E cmake_link_script CMakeFiles/cmTryCompileExec2720350734.dir/link.txt --verbose=1
/usr/bin/gcc    -Wall  -DCHECK_FUNCTION_EXISTS=__infinity -Wl,-search_paths_first -Wl,-headerpad_max_install_names   CMakeFiles/cmTryCompileExec2720350734.dir/CheckFunctionExists.c.o  -o cmTryCompileExec2720350734  -lm 
Undefined symbols for architecture x86_64:
  "___infinity", referenced from:
      _main in CheckFunctionExists.c.o
ld: symbol(s) not found for architecture x86_64
collect2: ld returned 1 exit status
make[1]: *** [cmTryCompileExec2720350734] Error 1
make: *** [cmTryCompileExec2720350734/fast] Error 2


Determining if the function gethostbyname_r exists failed with the following output:
Change Dir: /Users/showell/Development/mysql-cloud-engine/mysql-5.5.25a/CMakeFiles/CMakeTmp

Run Build Command:/usr/bin/make "cmTryCompileExec3973317369/fast"
/usr/bin/make -f CMakeFiles/cmTryCompileExec3973317369.dir/build.make CMakeFiles/cmTryCompileExec3973317369.dir/build
/usr/local/Cellar/cmake/2.8.8/bin/cmake -E cmake_progress_report /Users/showell/Development/mysql-cloud-engine/mysql-5.5.25a/CMakeFiles/CMakeTmp/CMakeFiles 1
Building C object CMakeFiles/cmTryCompileExec3973317369.dir/CheckFunctionExists.c.o
/usr/bin/gcc   -Wall  -DCHECK_FUNCTION_EXISTS=gethostbyname_r   -o CMakeFiles/cmTryCompileExec3973317369.dir/CheckFunctionExists.c.o   -c /usr/local/Cellar/cmake/2.8.8/share/cmake/Modules/CheckFunctionExists.c
Linking C executable cmTryCompileExec3973317369
/usr/local/Cellar/cmake/2.8.8/bin/cmake -E cmake_link_script CMakeFiles/cmTryCompileExec3973317369.dir/link.txt --verbose=1
/usr/bin/gcc    -Wall  -DCHECK_FUNCTION_EXISTS=gethostbyname_r -Wl,-search_paths_first -Wl,-headerpad_max_install_names   CMakeFiles/cmTryCompileExec3973317369.dir/CheckFunctionExists.c.o  -o cmTryCompileExec3973317369  
Undefined symbols for architecture x86_64:
  "_gethostbyname_r", referenced from:
      _main in CheckFunctionExists.c.o
ld: symbol(s) not found for architecture x86_64
collect2: ld returned 1 exit status
make[1]: *** [cmTryCompileExec3973317369] Error 1
make: *** [cmTryCompileExec3973317369/fast] Error 2


Determining if the function gethostbyname_r exists in the nsl_r failed with the following output:
Change Dir: /Users/showell/Development/mysql-cloud-engine/mysql-5.5.25a/CMakeFiles/CMakeTmp

Run Build Command:/usr/bin/make "cmTryCompileExec3007147757/fast"
/usr/bin/make -f CMakeFiles/cmTryCompileExec3007147757.dir/build.make CMakeFiles/cmTryCompileExec3007147757.dir/build
/usr/local/Cellar/cmake/2.8.8/bin/cmake -E cmake_progress_report /Users/showell/Development/mysql-cloud-engine/mysql-5.5.25a/CMakeFiles/CMakeTmp/CMakeFiles 1
Building C object CMakeFiles/cmTryCompileExec3007147757.dir/CheckFunctionExists.c.o
/usr/bin/gcc   -Wall  -DCHECK_FUNCTION_EXISTS=gethostbyname_r   -o CMakeFiles/cmTryCompileExec3007147757.dir/CheckFunctionExists.c.o   -c /usr/local/Cellar/cmake/2.8.8/share/cmake/Modules/CheckFunctionExists.c
Linking C executable cmTryCompileExec3007147757
/usr/local/Cellar/cmake/2.8.8/bin/cmake -E cmake_link_script CMakeFiles/cmTryCompileExec3007147757.dir/link.txt --verbose=1
/usr/bin/gcc    -Wall  -DCHECK_FUNCTION_EXISTS=gethostbyname_r -Wl,-search_paths_first -Wl,-headerpad_max_install_names   CMakeFiles/cmTryCompileExec3007147757.dir/CheckFunctionExists.c.o  -o cmTryCompileExec3007147757  -lnsl_r 
ld: library not found for -lnsl_r
collect2: ld returned 1 exit status
make[1]: *** [cmTryCompileExec3007147757] Error 1
make: *** [cmTryCompileExec3007147757/fast] Error 2


Determining if the function gethostbyname_r exists in the nsl failed with the following output:
Change Dir: /Users/showell/Development/mysql-cloud-engine/mysql-5.5.25a/CMakeFiles/CMakeTmp

Run Build Command:/usr/bin/make "cmTryCompileExec3867746317/fast"
/usr/bin/make -f CMakeFiles/cmTryCompileExec3867746317.dir/build.make CMakeFiles/cmTryCompileExec3867746317.dir/build
/usr/local/Cellar/cmake/2.8.8/bin/cmake -E cmake_progress_report /Users/showell/Development/mysql-cloud-engine/mysql-5.5.25a/CMakeFiles/CMakeTmp/CMakeFiles 1
Building C object CMakeFiles/cmTryCompileExec3867746317.dir/CheckFunctionExists.c.o
/usr/bin/gcc   -Wall  -DCHECK_FUNCTION_EXISTS=gethostbyname_r   -o CMakeFiles/cmTryCompileExec3867746317.dir/CheckFunctionExists.c.o   -c /usr/local/Cellar/cmake/2.8.8/share/cmake/Modules/CheckFunctionExists.c
Linking C executable cmTryCompileExec3867746317
/usr/local/Cellar/cmake/2.8.8/bin/cmake -E cmake_link_script CMakeFiles/cmTryCompileExec3867746317.dir/link.txt --verbose=1
/usr/bin/gcc    -Wall  -DCHECK_FUNCTION_EXISTS=gethostbyname_r -Wl,-search_paths_first -Wl,-headerpad_max_install_names   CMakeFiles/cmTryCompileExec3867746317.dir/CheckFunctionExists.c.o  -o cmTryCompileExec3867746317  -lnsl 
ld: library not found for -lnsl
collect2: ld returned 1 exit status
make[1]: *** [cmTryCompileExec3867746317] Error 1
make: *** [cmTryCompileExec3867746317/fast] Error 2


Determining if the function clock_gettime exists failed with the following output:
Change Dir: /Users/showell/Development/mysql-cloud-engine/mysql-5.5.25a/CMakeFiles/CMakeTmp

Run Build Command:/usr/bin/make "cmTryCompileExec529453405/fast"
/usr/bin/make -f CMakeFiles/cmTryCompileExec529453405.dir/build.make CMakeFiles/cmTryCompileExec529453405.dir/build
/usr/local/Cellar/cmake/2.8.8/bin/cmake -E cmake_progress_report /Users/showell/Development/mysql-cloud-engine/mysql-5.5.25a/CMakeFiles/CMakeTmp/CMakeFiles 1
Building C object CMakeFiles/cmTryCompileExec529453405.dir/CheckFunctionExists.c.o
/usr/bin/gcc   -Wall  -DCHECK_FUNCTION_EXISTS=clock_gettime   -o CMakeFiles/cmTryCompileExec529453405.dir/CheckFunctionExists.c.o   -c /usr/local/Cellar/cmake/2.8.8/share/cmake/Modules/CheckFunctionExists.c
Linking C executable cmTryCompileExec529453405
/usr/local/Cellar/cmake/2.8.8/bin/cmake -E cmake_link_script CMakeFiles/cmTryCompileExec529453405.dir/link.txt --verbose=1
/usr/bin/gcc    -Wall  -DCHECK_FUNCTION_EXISTS=clock_gettime -Wl,-search_paths_first -Wl,-headerpad_max_install_names   CMakeFiles/cmTryCompileExec529453405.dir/CheckFunctionExists.c.o  -o cmTryCompileExec529453405  
Undefined symbols for architecture x86_64:
  "_clock_gettime", referenced from:
      _main in CheckFunctionExists.c.o
ld: symbol(s) not found for architecture x86_64
collect2: ld returned 1 exit status
make[1]: *** [cmTryCompileExec529453405] Error 1
make: *** [cmTryCompileExec529453405/fast] Error 2


Determining if the function clock_gettime exists in the rt failed with the following output:
Change Dir: /Users/showell/Development/mysql-cloud-engine/mysql-5.5.25a/CMakeFiles/CMakeTmp

Run Build Command:/usr/bin/make "cmTryCompileExec4001754330/fast"
/usr/bin/make -f CMakeFiles/cmTryCompileExec4001754330.dir/build.make CMakeFiles/cmTryCompileExec4001754330.dir/build
/usr/local/Cellar/cmake/2.8.8/bin/cmake -E cmake_progress_report /Users/showell/Development/mysql-cloud-engine/mysql-5.5.25a/CMakeFiles/CMakeTmp/CMakeFiles 1
Building C object CMakeFiles/cmTryCompileExec4001754330.dir/CheckFunctionExists.c.o
/usr/bin/gcc   -Wall  -DCHECK_FUNCTION_EXISTS=clock_gettime   -o CMakeFiles/cmTryCompileExec4001754330.dir/CheckFunctionExists.c.o   -c /usr/local/Cellar/cmake/2.8.8/share/cmake/Modules/CheckFunctionExists.c
Linking C executable cmTryCompileExec4001754330
/usr/local/Cellar/cmake/2.8.8/bin/cmake -E cmake_link_script CMakeFiles/cmTryCompileExec4001754330.dir/link.txt --verbose=1
/usr/bin/gcc    -Wall  -DCHECK_FUNCTION_EXISTS=clock_gettime -Wl,-search_paths_first -Wl,-headerpad_max_install_names   CMakeFiles/cmTryCompileExec4001754330.dir/CheckFunctionExists.c.o  -o cmTryCompileExec4001754330  -lrt 
ld: library not found for -lrt
collect2: ld returned 1 exit status
make[1]: *** [cmTryCompileExec4001754330] Error 1
make: *** [cmTryCompileExec4001754330/fast] Error 2


Determining if files crypt.h exist failed with the following output:
Change Dir: /Users/showell/Development/mysql-cloud-engine/mysql-5.5.25a/CMakeFiles/CMakeTmp

Run Build Command:/usr/bin/make "cmTryCompileExec1397756705/fast"
/usr/bin/make -f CMakeFiles/cmTryCompileExec1397756705.dir/build.make CMakeFiles/cmTryCompileExec1397756705.dir/build
/usr/local/Cellar/cmake/2.8.8/bin/cmake -E cmake_progress_report /Users/showell/Development/mysql-cloud-engine/mysql-5.5.25a/CMakeFiles/CMakeTmp/CMakeFiles 1
Building C object CMakeFiles/cmTryCompileExec1397756705.dir/CheckIncludeFiles.c.o
/usr/bin/gcc   -Wall     -o CMakeFiles/cmTryCompileExec1397756705.dir/CheckIncludeFiles.c.o   -c /Users/showell/Development/mysql-cloud-engine/mysql-5.5.25a/CMakeFiles/CMakeTmp/CheckIncludeFiles.c
/Users/showell/Development/mysql-cloud-engine/mysql-5.5.25a/CMakeFiles/CMakeTmp/CheckIncludeFiles.c:2:19: error: crypt.h: No such file or directory
make[1]: *** [CMakeFiles/cmTryCompileExec1397756705.dir/CheckIncludeFiles.c.o] Error 1
make: *** [cmTryCompileExec1397756705/fast] Error 2

Source:
/* */
#include <crypt.h>


int main(){return 0;}

Determining if files cxxabi.h exist failed with the following output:
Change Dir: /Users/showell/Development/mysql-cloud-engine/mysql-5.5.25a/CMakeFiles/CMakeTmp

Run Build Command:/usr/bin/make "cmTryCompileExec3994608750/fast"
/usr/bin/make -f CMakeFiles/cmTryCompileExec3994608750.dir/build.make CMakeFiles/cmTryCompileExec3994608750.dir/build
/usr/local/Cellar/cmake/2.8.8/bin/cmake -E cmake_progress_report /Users/showell/Development/mysql-cloud-engine/mysql-5.5.25a/CMakeFiles/CMakeTmp/CMakeFiles 1
Building C object CMakeFiles/cmTryCompileExec3994608750.dir/CheckIncludeFiles.c.o
/usr/bin/gcc   -Wall     -o CMakeFiles/cmTryCompileExec3994608750.dir/CheckIncludeFiles.c.o   -c /Users/showell/Development/mysql-cloud-engine/mysql-5.5.25a/CMakeFiles/CMakeTmp/CheckIncludeFiles.c
In file included from /Users/showell/Development/mysql-cloud-engine/mysql-5.5.25a/CMakeFiles/CMakeTmp/CheckIncludeFiles.c:2:
/usr/include/cxxabi.h:21: error: expected ‘=’, ‘,’, ‘;’, ‘asm’ or ‘__attribute__’ before ‘std’
/usr/include/cxxabi.h:27: error: expected ‘=’, ‘,’, ‘;’, ‘asm’ or ‘__attribute__’ before ‘__cxxabiv1’
/usr/include/cxxabi.h:146: error: expected ‘=’, ‘,’, ‘;’, ‘asm’ or ‘__attribute__’ before ‘abi’
/usr/include/cxxabi.h:153: error: expected ‘=’, ‘,’, ‘;’, ‘asm’ or ‘__attribute__’ before ‘__cxxabiapple’
make[1]: *** [CMakeFiles/cmTryCompileExec3994608750.dir/CheckIncludeFiles.c.o] Error 1
make: *** [cmTryCompileExec3994608750/fast] Error 2

Source:
/* */
#include <cxxabi.h>


int main(){return 0;}

Determining if files floatingpoint.h exist failed with the following output:
Change Dir: /Users/showell/Development/mysql-cloud-engine/mysql-5.5.25a/CMakeFiles/CMakeTmp

Run Build Command:/usr/bin/make "cmTryCompileExec2331063614/fast"
/usr/bin/make -f CMakeFiles/cmTryCompileExec2331063614.dir/build.make CMakeFiles/cmTryCompileExec2331063614.dir/build
/usr/local/Cellar/cmake/2.8.8/bin/cmake -E cmake_progress_report /Users/showell/Development/mysql-cloud-engine/mysql-5.5.25a/CMakeFiles/CMakeTmp/CMakeFiles 1
Building C object CMakeFiles/cmTryCompileExec2331063614.dir/CheckIncludeFiles.c.o
/usr/bin/gcc   -Wall     -o CMakeFiles/cmTryCompileExec2331063614.dir/CheckIncludeFiles.c.o   -c /Users/showell/Development/mysql-cloud-engine/mysql-5.5.25a/CMakeFiles/CMakeTmp/CheckIncludeFiles.c
/Users/showell/Development/mysql-cloud-engine/mysql-5.5.25a/CMakeFiles/CMakeTmp/CheckIncludeFiles.c:2:27: error: floatingpoint.h: No such file or directory
make[1]: *** [CMakeFiles/cmTryCompileExec2331063614.dir/CheckIncludeFiles.c.o] Error 1
make: *** [cmTryCompileExec2331063614/fast] Error 2

Source:
/* */
#include <floatingpoint.h>


int main(){return 0;}

Determining if files fpu_control.h exist failed with the following output:
Change Dir: /Users/showell/Development/mysql-cloud-engine/mysql-5.5.25a/CMakeFiles/CMakeTmp

Run Build Command:/usr/bin/make "cmTryCompileExec4085352633/fast"
/usr/bin/make -f CMakeFiles/cmTryCompileExec4085352633.dir/build.make CMakeFiles/cmTryCompileExec4085352633.dir/build
/usr/local/Cellar/cmake/2.8.8/bin/cmake -E cmake_progress_report /Users/showell/Development/mysql-cloud-engine/mysql-5.5.25a/CMakeFiles/CMakeTmp/CMakeFiles 1
Building C object CMakeFiles/cmTryCompileExec4085352633.dir/CheckIncludeFiles.c.o
/usr/bin/gcc   -Wall     -o CMakeFiles/cmTryCompileExec4085352633.dir/CheckIncludeFiles.c.o   -c /Users/showell/Development/mysql-cloud-engine/mysql-5.5.25a/CMakeFiles/CMakeTmp/CheckIncludeFiles.c
/Users/showell/Development/mysql-cloud-engine/mysql-5.5.25a/CMakeFiles/CMakeTmp/CheckIncludeFiles.c:2:25: error: fpu_control.h: No such file or directory
make[1]: *** [CMakeFiles/cmTryCompileExec4085352633.dir/CheckIncludeFiles.c.o] Error 1
make: *** [cmTryCompileExec4085352633/fast] Error 2

Source:
/* */
#include <fpu_control.h>


int main(){return 0;}

Determining if files ieeefp.h exist failed with the following output:
Change Dir: /Users/showell/Development/mysql-cloud-engine/mysql-5.5.25a/CMakeFiles/CMakeTmp

Run Build Command:/usr/bin/make "cmTryCompileExec1895954288/fast"
/usr/bin/make -f CMakeFiles/cmTryCompileExec1895954288.dir/build.make CMakeFiles/cmTryCompileExec1895954288.dir/build
/usr/local/Cellar/cmake/2.8.8/bin/cmake -E cmake_progress_report /Users/showell/Development/mysql-cloud-engine/mysql-5.5.25a/CMakeFiles/CMakeTmp/CMakeFiles 1
Building C object CMakeFiles/cmTryCompileExec1895954288.dir/CheckIncludeFiles.c.o
/usr/bin/gcc   -Wall     -o CMakeFiles/cmTryCompileExec1895954288.dir/CheckIncludeFiles.c.o   -c /Users/showell/Development/mysql-cloud-engine/mysql-5.5.25a/CMakeFiles/CMakeTmp/CheckIncludeFiles.c
/Users/showell/Development/mysql-cloud-engine/mysql-5.5.25a/CMakeFiles/CMakeTmp/CheckIncludeFiles.c:2:20: error: ieeefp.h: No such file or directory
make[1]: *** [CMakeFiles/cmTryCompileExec1895954288.dir/CheckIncludeFiles.c.o] Error 1
make: *** [cmTryCompileExec1895954288/fast] Error 2

Source:
/* */
#include <ieeefp.h>


int main(){return 0;}

Determining if files malloc.h exist failed with the following output:
Change Dir: /Users/showell/Development/mysql-cloud-engine/mysql-5.5.25a/CMakeFiles/CMakeTmp

Run Build Command:/usr/bin/make "cmTryCompileExec3884558500/fast"
/usr/bin/make -f CMakeFiles/cmTryCompileExec3884558500.dir/build.make CMakeFiles/cmTryCompileExec3884558500.dir/build
/usr/local/Cellar/cmake/2.8.8/bin/cmake -E cmake_progress_report /Users/showell/Development/mysql-cloud-engine/mysql-5.5.25a/CMakeFiles/CMakeTmp/CMakeFiles 1
Building C object CMakeFiles/cmTryCompileExec3884558500.dir/CheckIncludeFiles.c.o
/usr/bin/gcc   -Wall     -o CMakeFiles/cmTryCompileExec3884558500.dir/CheckIncludeFiles.c.o   -c /Users/showell/Development/mysql-cloud-engine/mysql-5.5.25a/CMakeFiles/CMakeTmp/CheckIncludeFiles.c
/Users/showell/Development/mysql-cloud-engine/mysql-5.5.25a/CMakeFiles/CMakeTmp/CheckIncludeFiles.c:2:20: error: malloc.h: No such file or directory
make[1]: *** [CMakeFiles/cmTryCompileExec3884558500.dir/CheckIncludeFiles.c.o] Error 1
make: *** [cmTryCompileExec3884558500/fast] Error 2

Source:
/* */
#include <malloc.h>


int main(){return 0;}

Determining if files ndir.h exist failed with the following output:
Change Dir: /Users/showell/Development/mysql-cloud-engine/mysql-5.5.25a/CMakeFiles/CMakeTmp

Run Build Command:/usr/bin/make "cmTryCompileExec1845946694/fast"
/usr/bin/make -f CMakeFiles/cmTryCompileExec1845946694.dir/build.make CMakeFiles/cmTryCompileExec1845946694.dir/build
/usr/local/Cellar/cmake/2.8.8/bin/cmake -E cmake_progress_report /Users/showell/Development/mysql-cloud-engine/mysql-5.5.25a/CMakeFiles/CMakeTmp/CMakeFiles 1
Building C object CMakeFiles/cmTryCompileExec1845946694.dir/CheckIncludeFiles.c.o
/usr/bin/gcc   -Wall     -o CMakeFiles/cmTryCompileExec1845946694.dir/CheckIncludeFiles.c.o   -c /Users/showell/Development/mysql-cloud-engine/mysql-5.5.25a/CMakeFiles/CMakeTmp/CheckIncludeFiles.c
/Users/showell/Development/mysql-cloud-engine/mysql-5.5.25a/CMakeFiles/CMakeTmp/CheckIncludeFiles.c:2:18: error: ndir.h: No such file or directory
make[1]: *** [CMakeFiles/cmTryCompileExec1845946694.dir/CheckIncludeFiles.c.o] Error 1
make: *** [cmTryCompileExec1845946694/fast] Error 2

Source:
/* */
#include <ndir.h>


int main(){return 0;}

Determining if files port.h exist failed with the following output:
Change Dir: /Users/showell/Development/mysql-cloud-engine/mysql-5.5.25a/CMakeFiles/CMakeTmp

Run Build Command:/usr/bin/make "cmTryCompileExec166640577/fast"
/usr/bin/make -f CMakeFiles/cmTryCompileExec166640577.dir/build.make CMakeFiles/cmTryCompileExec166640577.dir/build
/usr/local/Cellar/cmake/2.8.8/bin/cmake -E cmake_progress_report /Users/showell/Development/mysql-cloud-engine/mysql-5.5.25a/CMakeFiles/CMakeTmp/CMakeFiles 1
Building C object CMakeFiles/cmTryCompileExec166640577.dir/CheckIncludeFiles.c.o
/usr/bin/gcc   -Wall     -o CMakeFiles/cmTryCompileExec166640577.dir/CheckIncludeFiles.c.o   -c /Users/showell/Development/mysql-cloud-engine/mysql-5.5.25a/CMakeFiles/CMakeTmp/CheckIncludeFiles.c
/Users/showell/Development/mysql-cloud-engine/mysql-5.5.25a/CMakeFiles/CMakeTmp/CheckIncludeFiles.c:2:18: error: port.h: No such file or directory
make[1]: *** [CMakeFiles/cmTryCompileExec166640577.dir/CheckIncludeFiles.c.o] Error 1
make: *** [cmTryCompileExec166640577/fast] Error 2

Source:
/* */
#include <port.h>


int main(){return 0;}

Determining if files select.h exist failed with the following output:
Change Dir: /Users/showell/Development/mysql-cloud-engine/mysql-5.5.25a/CMakeFiles/CMakeTmp

Run Build Command:/usr/bin/make "cmTryCompileExec4050157775/fast"
/usr/bin/make -f CMakeFiles/cmTryCompileExec4050157775.dir/build.make CMakeFiles/cmTryCompileExec4050157775.dir/build
/usr/local/Cellar/cmake/2.8.8/bin/cmake -E cmake_progress_report /Users/showell/Development/mysql-cloud-engine/mysql-5.5.25a/CMakeFiles/CMakeTmp/CMakeFiles 1
Building C object CMakeFiles/cmTryCompileExec4050157775.dir/CheckIncludeFiles.c.o
/usr/bin/gcc   -Wall     -o CMakeFiles/cmTryCompileExec4050157775.dir/CheckIncludeFiles.c.o   -c /Users/showell/Development/mysql-cloud-engine/mysql-5.5.25a/CMakeFiles/CMakeTmp/CheckIncludeFiles.c
/Users/showell/Development/mysql-cloud-engine/mysql-5.5.25a/CMakeFiles/CMakeTmp/CheckIncludeFiles.c:2:20: error: select.h: No such file or directory
make[1]: *** [CMakeFiles/cmTryCompileExec4050157775.dir/CheckIncludeFiles.c.o] Error 1
make: *** [cmTryCompileExec4050157775/fast] Error 2

Source:
/* */
#include <select.h>


int main(){return 0;}

Determining if files sys/ndir.h exist failed with the following output:
Change Dir: /Users/showell/Development/mysql-cloud-engine/mysql-5.5.25a/CMakeFiles/CMakeTmp

Run Build Command:/usr/bin/make "cmTryCompileExec2521361233/fast"
/usr/bin/make -f CMakeFiles/cmTryCompileExec2521361233.dir/build.make CMakeFiles/cmTryCompileExec2521361233.dir/build
/usr/local/Cellar/cmake/2.8.8/bin/cmake -E cmake_progress_report /Users/showell/Development/mysql-cloud-engine/mysql-5.5.25a/CMakeFiles/CMakeTmp/CMakeFiles 1
Building C object CMakeFiles/cmTryCompileExec2521361233.dir/CheckIncludeFiles.c.o
/usr/bin/gcc   -Wall     -o CMakeFiles/cmTryCompileExec2521361233.dir/CheckIncludeFiles.c.o   -c /Users/showell/Development/mysql-cloud-engine/mysql-5.5.25a/CMakeFiles/CMakeTmp/CheckIncludeFiles.c
/Users/showell/Development/mysql-cloud-engine/mysql-5.5.25a/CMakeFiles/CMakeTmp/CheckIncludeFiles.c:2:22: error: sys/ndir.h: No such file or directory
make[1]: *** [CMakeFiles/cmTryCompileExec2521361233.dir/CheckIncludeFiles.c.o] Error 1
make: *** [cmTryCompileExec2521361233/fast] Error 2

Source:
/* */
#include <sys/ndir.h>


int main(){return 0;}

Determining if files sys/pte.h exist failed with the following output:
Change Dir: /Users/showell/Development/mysql-cloud-engine/mysql-5.5.25a/CMakeFiles/CMakeTmp

Run Build Command:/usr/bin/make "cmTryCompileExec952733643/fast"
/usr/bin/make -f CMakeFiles/cmTryCompileExec952733643.dir/build.make CMakeFiles/cmTryCompileExec952733643.dir/build
/usr/local/Cellar/cmake/2.8.8/bin/cmake -E cmake_progress_report /Users/showell/Development/mysql-cloud-engine/mysql-5.5.25a/CMakeFiles/CMakeTmp/CMakeFiles 1
Building C object CMakeFiles/cmTryCompileExec952733643.dir/CheckIncludeFiles.c.o
/usr/bin/gcc   -Wall     -o CMakeFiles/cmTryCompileExec952733643.dir/CheckIncludeFiles.c.o   -c /Users/showell/Development/mysql-cloud-engine/mysql-5.5.25a/CMakeFiles/CMakeTmp/CheckIncludeFiles.c
/Users/showell/Development/mysql-cloud-engine/mysql-5.5.25a/CMakeFiles/CMakeTmp/CheckIncludeFiles.c:2:21: error: sys/pte.h: No such file or directory
make[1]: *** [CMakeFiles/cmTryCompileExec952733643.dir/CheckIncludeFiles.c.o] Error 1
make: *** [cmTryCompileExec952733643/fast] Error 2

Source:
/* */
#include <sys/pte.h>


int main(){return 0;}

Determining if files synch.h exist failed with the following output:
Change Dir: /Users/showell/Development/mysql-cloud-engine/mysql-5.5.25a/CMakeFiles/CMakeTmp

Run Build Command:/usr/bin/make "cmTryCompileExec153362479/fast"
/usr/bin/make -f CMakeFiles/cmTryCompileExec153362479.dir/build.make CMakeFiles/cmTryCompileExec153362479.dir/build
/usr/local/Cellar/cmake/2.8.8/bin/cmake -E cmake_progress_report /Users/showell/Development/mysql-cloud-engine/mysql-5.5.25a/CMakeFiles/CMakeTmp/CMakeFiles 1
Building C object CMakeFiles/cmTryCompileExec153362479.dir/CheckIncludeFiles.c.o
/usr/bin/gcc   -Wall     -o CMakeFiles/cmTryCompileExec153362479.dir/CheckIncludeFiles.c.o   -c /Users/showell/Development/mysql-cloud-engine/mysql-5.5.25a/CMakeFiles/CMakeTmp/CheckIncludeFiles.c
/Users/showell/Development/mysql-cloud-engine/mysql-5.5.25a/CMakeFiles/CMakeTmp/CheckIncludeFiles.c:2:19: error: synch.h: No such file or directory
make[1]: *** [CMakeFiles/cmTryCompileExec153362479.dir/CheckIncludeFiles.c.o] Error 1
make: *** [cmTryCompileExec153362479/fast] Error 2

Source:
/* */
#include <synch.h>


int main(){return 0;}

Determining if files sysent.h exist failed with the following output:
Change Dir: /Users/showell/Development/mysql-cloud-engine/mysql-5.5.25a/CMakeFiles/CMakeTmp

Run Build Command:/usr/bin/make "cmTryCompileExec4013331617/fast"
/usr/bin/make -f CMakeFiles/cmTryCompileExec4013331617.dir/build.make CMakeFiles/cmTryCompileExec4013331617.dir/build
/usr/local/Cellar/cmake/2.8.8/bin/cmake -E cmake_progress_report /Users/showell/Development/mysql-cloud-engine/mysql-5.5.25a/CMakeFiles/CMakeTmp/CMakeFiles 1
Building C object CMakeFiles/cmTryCompileExec4013331617.dir/CheckIncludeFiles.c.o
/usr/bin/gcc   -Wall     -o CMakeFiles/cmTryCompileExec4013331617.dir/CheckIncludeFiles.c.o   -c /Users/showell/Development/mysql-cloud-engine/mysql-5.5.25a/CMakeFiles/CMakeTmp/CheckIncludeFiles.c
/Users/showell/Development/mysql-cloud-engine/mysql-5.5.25a/CMakeFiles/CMakeTmp/CheckIncludeFiles.c:2:20: error: sysent.h: No such file or directory
make[1]: *** [CMakeFiles/cmTryCompileExec4013331617.dir/CheckIncludeFiles.c.o] Error 1
make: *** [cmTryCompileExec4013331617/fast] Error 2

Source:
/* */
#include <sysent.h>


int main(){return 0;}

Determining if files sys/fpu.h exist failed with the following output:
Change Dir: /Users/showell/Development/mysql-cloud-engine/mysql-5.5.25a/CMakeFiles/CMakeTmp

Run Build Command:/usr/bin/make "cmTryCompileExec1765428570/fast"
/usr/bin/make -f CMakeFiles/cmTryCompileExec1765428570.dir/build.make CMakeFiles/cmTryCompileExec1765428570.dir/build
/usr/local/Cellar/cmake/2.8.8/bin/cmake -E cmake_progress_report /Users/showell/Development/mysql-cloud-engine/mysql-5.5.25a/CMakeFiles/CMakeTmp/CMakeFiles 1
Building C object CMakeFiles/cmTryCompileExec1765428570.dir/CheckIncludeFiles.c.o
/usr/bin/gcc   -Wall     -o CMakeFiles/cmTryCompileExec1765428570.dir/CheckIncludeFiles.c.o   -c /Users/showell/Development/mysql-cloud-engine/mysql-5.5.25a/CMakeFiles/CMakeTmp/CheckIncludeFiles.c
/Users/showell/Development/mysql-cloud-engine/mysql-5.5.25a/CMakeFiles/CMakeTmp/CheckIncludeFiles.c:2:21: error: sys/fpu.h: No such file or directory
make[1]: *** [CMakeFiles/cmTryCompileExec1765428570.dir/CheckIncludeFiles.c.o] Error 1
make: *** [cmTryCompileExec1765428570/fast] Error 2

Source:
/* */
#include <sys/fpu.h>


int main(){return 0;}

Determining if files sys/prctl.h exist failed with the following output:
Change Dir: /Users/showell/Development/mysql-cloud-engine/mysql-5.5.25a/CMakeFiles/CMakeTmp

Run Build Command:/usr/bin/make "cmTryCompileExec105263409/fast"
/usr/bin/make -f CMakeFiles/cmTryCompileExec105263409.dir/build.make CMakeFiles/cmTryCompileExec105263409.dir/build
/usr/local/Cellar/cmake/2.8.8/bin/cmake -E cmake_progress_report /Users/showell/Development/mysql-cloud-engine/mysql-5.5.25a/CMakeFiles/CMakeTmp/CMakeFiles 1
Building C object CMakeFiles/cmTryCompileExec105263409.dir/CheckIncludeFiles.c.o
/usr/bin/gcc   -Wall     -o CMakeFiles/cmTryCompileExec105263409.dir/CheckIncludeFiles.c.o   -c /Users/showell/Development/mysql-cloud-engine/mysql-5.5.25a/CMakeFiles/CMakeTmp/CheckIncludeFiles.c
/Users/showell/Development/mysql-cloud-engine/mysql-5.5.25a/CMakeFiles/CMakeTmp/CheckIncludeFiles.c:2:23: error: sys/prctl.h: No such file or directory
make[1]: *** [CMakeFiles/cmTryCompileExec105263409.dir/CheckIncludeFiles.c.o] Error 1
make: *** [cmTryCompileExec105263409/fast] Error 2

Source:
/* */
#include <sys/prctl.h>


int main(){return 0;}

Determining if files sys/stream.h exist failed with the following output:
Change Dir: /Users/showell/Development/mysql-cloud-engine/mysql-5.5.25a/CMakeFiles/CMakeTmp

Run Build Command:/usr/bin/make "cmTryCompileExec1014626759/fast"
/usr/bin/make -f CMakeFiles/cmTryCompileExec1014626759.dir/build.make CMakeFiles/cmTryCompileExec1014626759.dir/build
/usr/local/Cellar/cmake/2.8.8/bin/cmake -E cmake_progress_report /Users/showell/Development/mysql-cloud-engine/mysql-5.5.25a/CMakeFiles/CMakeTmp/CMakeFiles 1
Building C object CMakeFiles/cmTryCompileExec1014626759.dir/CheckIncludeFiles.c.o
/usr/bin/gcc   -Wall     -o CMakeFiles/cmTryCompileExec1014626759.dir/CheckIncludeFiles.c.o   -c /Users/showell/Development/mysql-cloud-engine/mysql-5.5.25a/CMakeFiles/CMakeTmp/CheckIncludeFiles.c
/Users/showell/Development/mysql-cloud-engine/mysql-5.5.25a/CMakeFiles/CMakeTmp/CheckIncludeFiles.c:2:24: error: sys/stream.h: No such file or directory
make[1]: *** [CMakeFiles/cmTryCompileExec1014626759.dir/CheckIncludeFiles.c.o] Error 1
make: *** [cmTryCompileExec1014626759/fast] Error 2

Source:
/* */
#include <sys/stream.h>


int main(){return 0;}

Determining if files sys/termcap.h exist failed with the following output:
Change Dir: /Users/showell/Development/mysql-cloud-engine/mysql-5.5.25a/CMakeFiles/CMakeTmp

Run Build Command:/usr/bin/make "cmTryCompileExec3283894282/fast"
/usr/bin/make -f CMakeFiles/cmTryCompileExec3283894282.dir/build.make CMakeFiles/cmTryCompileExec3283894282.dir/build
/usr/local/Cellar/cmake/2.8.8/bin/cmake -E cmake_progress_report /Users/showell/Development/mysql-cloud-engine/mysql-5.5.25a/CMakeFiles/CMakeTmp/CMakeFiles 1
Building C object CMakeFiles/cmTryCompileExec3283894282.dir/CheckIncludeFiles.c.o
/usr/bin/gcc   -Wall     -o CMakeFiles/cmTryCompileExec3283894282.dir/CheckIncludeFiles.c.o   -c /Users/showell/Development/mysql-cloud-engine/mysql-5.5.25a/CMakeFiles/CMakeTmp/CheckIncludeFiles.c
/Users/showell/Development/mysql-cloud-engine/mysql-5.5.25a/CMakeFiles/CMakeTmp/CheckIncludeFiles.c:2:25: error: sys/termcap.h: No such file or directory
make[1]: *** [CMakeFiles/cmTryCompileExec3283894282.dir/CheckIncludeFiles.c.o] Error 1
make: *** [cmTryCompileExec3283894282/fast] Error 2

Source:
/* */
#include <sys/termcap.h>


int main(){return 0;}

Determining if files asm/termbits.h exist failed with the following output:
Change Dir: /Users/showell/Development/mysql-cloud-engine/mysql-5.5.25a/CMakeFiles/CMakeTmp

Run Build Command:/usr/bin/make "cmTryCompileExec2421524893/fast"
/usr/bin/make -f CMakeFiles/cmTryCompileExec2421524893.dir/build.make CMakeFiles/cmTryCompileExec2421524893.dir/build
/usr/local/Cellar/cmake/2.8.8/bin/cmake -E cmake_progress_report /Users/showell/Development/mysql-cloud-engine/mysql-5.5.25a/CMakeFiles/CMakeTmp/CMakeFiles 1
Building C object CMakeFiles/cmTryCompileExec2421524893.dir/CheckIncludeFiles.c.o
/usr/bin/gcc   -Wall     -o CMakeFiles/cmTryCompileExec2421524893.dir/CheckIncludeFiles.c.o   -c /Users/showell/Development/mysql-cloud-engine/mysql-5.5.25a/CMakeFiles/CMakeTmp/CheckIncludeFiles.c
/Users/showell/Development/mysql-cloud-engine/mysql-5.5.25a/CMakeFiles/CMakeTmp/CheckIncludeFiles.c:2:26: error: asm/termbits.h: No such file or directory
make[1]: *** [CMakeFiles/cmTryCompileExec2421524893.dir/CheckIncludeFiles.c.o] Error 1
make: *** [cmTryCompileExec2421524893/fast] Error 2

Source:
/* */
#include <asm/termbits.h>


int main(){return 0;}

Determining if files termbits.h exist failed with the following output:
Change Dir: /Users/showell/Development/mysql-cloud-engine/mysql-5.5.25a/CMakeFiles/CMakeTmp

Run Build Command:/usr/bin/make "cmTryCompileExec730842268/fast"
/usr/bin/make -f CMakeFiles/cmTryCompileExec730842268.dir/build.make CMakeFiles/cmTryCompileExec730842268.dir/build
/usr/local/Cellar/cmake/2.8.8/bin/cmake -E cmake_progress_report /Users/showell/Development/mysql-cloud-engine/mysql-5.5.25a/CMakeFiles/CMakeTmp/CMakeFiles 1
Building C object CMakeFiles/cmTryCompileExec730842268.dir/CheckIncludeFiles.c.o
/usr/bin/gcc   -Wall     -o CMakeFiles/cmTryCompileExec730842268.dir/CheckIncludeFiles.c.o   -c /Users/showell/Development/mysql-cloud-engine/mysql-5.5.25a/CMakeFiles/CMakeTmp/CheckIncludeFiles.c
/Users/showell/Development/mysql-cloud-engine/mysql-5.5.25a/CMakeFiles/CMakeTmp/CheckIncludeFiles.c:2:22: error: termbits.h: No such file or directory
make[1]: *** [CMakeFiles/cmTryCompileExec730842268.dir/CheckIncludeFiles.c.o] Error 1
make: *** [cmTryCompileExec730842268/fast] Error 2

Source:
/* */
#include <termbits.h>


int main(){return 0;}

Determining if files termio.h exist failed with the following output:
Change Dir: /Users/showell/Development/mysql-cloud-engine/mysql-5.5.25a/CMakeFiles/CMakeTmp

Run Build Command:/usr/bin/make "cmTryCompileExec1667443762/fast"
/usr/bin/make -f CMakeFiles/cmTryCompileExec1667443762.dir/build.make CMakeFiles/cmTryCompileExec1667443762.dir/build
/usr/local/Cellar/cmake/2.8.8/bin/cmake -E cmake_progress_report /Users/showell/Development/mysql-cloud-engine/mysql-5.5.25a/CMakeFiles/CMakeTmp/CMakeFiles 1
Building C object CMakeFiles/cmTryCompileExec1667443762.dir/CheckIncludeFiles.c.o
/usr/bin/gcc   -Wall     -o CMakeFiles/cmTryCompileExec1667443762.dir/CheckIncludeFiles.c.o   -c /Users/showell/Development/mysql-cloud-engine/mysql-5.5.25a/CMakeFiles/CMakeTmp/CheckIncludeFiles.c
/Users/showell/Development/mysql-cloud-engine/mysql-5.5.25a/CMakeFiles/CMakeTmp/CheckIncludeFiles.c:2:20: error: termio.h: No such file or directory
make[1]: *** [CMakeFiles/cmTryCompileExec1667443762.dir/CheckIncludeFiles.c.o] Error 1
make: *** [cmTryCompileExec1667443762/fast] Error 2

Source:
/* */
#include <termio.h>


int main(){return 0;}

Determining if files varargs.h exist failed with the following output:
Change Dir: /Users/showell/Development/mysql-cloud-engine/mysql-5.5.25a/CMakeFiles/CMakeTmp

Run Build Command:/usr/bin/make "cmTryCompileExec2342624516/fast"
/usr/bin/make -f CMakeFiles/cmTryCompileExec2342624516.dir/build.make CMakeFiles/cmTryCompileExec2342624516.dir/build
/usr/local/Cellar/cmake/2.8.8/bin/cmake -E cmake_progress_report /Users/showell/Development/mysql-cloud-engine/mysql-5.5.25a/CMakeFiles/CMakeTmp/CMakeFiles 1
Building C object CMakeFiles/cmTryCompileExec2342624516.dir/CheckIncludeFiles.c.o
/usr/bin/gcc   -Wall     -o CMakeFiles/cmTryCompileExec2342624516.dir/CheckIncludeFiles.c.o   -c /Users/showell/Development/mysql-cloud-engine/mysql-5.5.25a/CMakeFiles/CMakeTmp/CheckIncludeFiles.c
In file included from /Users/showell/Development/mysql-cloud-engine/mysql-5.5.25a/CMakeFiles/CMakeTmp/CheckIncludeFiles.c:2:
/usr/llvm-gcc-4.2/bin/../lib/gcc/i686-apple-darwin11/4.2.1/include/varargs.h:4:2: error: #error "GCC no longer implements <varargs.h>."
/usr/llvm-gcc-4.2/bin/../lib/gcc/i686-apple-darwin11/4.2.1/include/varargs.h:5:2: error: #error "Revise your code to use <stdarg.h>."
make[1]: *** [CMakeFiles/cmTryCompileExec2342624516.dir/CheckIncludeFiles.c.o] Error 1
make: *** [cmTryCompileExec2342624516/fast] Error 2

Source:
/* */
#include <varargs.h>


int main(){return 0;}

Determining if files sys/utime.h exist failed with the following output:
Change Dir: /Users/showell/Development/mysql-cloud-engine/mysql-5.5.25a/CMakeFiles/CMakeTmp

Run Build Command:/usr/bin/make "cmTryCompileExec1242295590/fast"
/usr/bin/make -f CMakeFiles/cmTryCompileExec1242295590.dir/build.make CMakeFiles/cmTryCompileExec1242295590.dir/build
/usr/local/Cellar/cmake/2.8.8/bin/cmake -E cmake_progress_report /Users/showell/Development/mysql-cloud-engine/mysql-5.5.25a/CMakeFiles/CMakeTmp/CMakeFiles 1
Building C object CMakeFiles/cmTryCompileExec1242295590.dir/CheckIncludeFiles.c.o
/usr/bin/gcc   -Wall     -o CMakeFiles/cmTryCompileExec1242295590.dir/CheckIncludeFiles.c.o   -c /Users/showell/Development/mysql-cloud-engine/mysql-5.5.25a/CMakeFiles/CMakeTmp/CheckIncludeFiles.c
/Users/showell/Development/mysql-cloud-engine/mysql-5.5.25a/CMakeFiles/CMakeTmp/CheckIncludeFiles.c:2:23: error: sys/utime.h: No such file or directory
make[1]: *** [CMakeFiles/cmTryCompileExec1242295590.dir/CheckIncludeFiles.c.o] Error 1
make: *** [cmTryCompileExec1242295590/fast] Error 2

Source:
/* */
#include <sys/utime.h>


int main(){return 0;}

Determining if files sys/ptem.h exist failed with the following output:
Change Dir: /Users/showell/Development/mysql-cloud-engine/mysql-5.5.25a/CMakeFiles/CMakeTmp

Run Build Command:/usr/bin/make "cmTryCompileExec1174747690/fast"
/usr/bin/make -f CMakeFiles/cmTryCompileExec1174747690.dir/build.make CMakeFiles/cmTryCompileExec1174747690.dir/build
/usr/local/Cellar/cmake/2.8.8/bin/cmake -E cmake_progress_report /Users/showell/Development/mysql-cloud-engine/mysql-5.5.25a/CMakeFiles/CMakeTmp/CMakeFiles 1
Building C object CMakeFiles/cmTryCompileExec1174747690.dir/CheckIncludeFiles.c.o
/usr/bin/gcc   -Wall     -o CMakeFiles/cmTryCompileExec1174747690.dir/CheckIncludeFiles.c.o   -c /Users/showell/Development/mysql-cloud-engine/mysql-5.5.25a/CMakeFiles/CMakeTmp/CheckIncludeFiles.c
/Users/showell/Development/mysql-cloud-engine/mysql-5.5.25a/CMakeFiles/CMakeTmp/CheckIncludeFiles.c:2:22: error: sys/ptem.h: No such file or directory
make[1]: *** [CMakeFiles/cmTryCompileExec1174747690.dir/CheckIncludeFiles.c.o] Error 1
make: *** [cmTryCompileExec1174747690/fast] Error 2

Source:
/* */
#include <sys/ptem.h>


int main(){return 0;}

Determining if the function printstack exists failed with the following output:
Change Dir: /Users/showell/Development/mysql-cloud-engine/mysql-5.5.25a/CMakeFiles/CMakeTmp

Run Build Command:/usr/bin/make "cmTryCompileExec2957244417/fast"
/usr/bin/make -f CMakeFiles/cmTryCompileExec2957244417.dir/build.make CMakeFiles/cmTryCompileExec2957244417.dir/build
/usr/local/Cellar/cmake/2.8.8/bin/cmake -E cmake_progress_report /Users/showell/Development/mysql-cloud-engine/mysql-5.5.25a/CMakeFiles/CMakeTmp/CMakeFiles 1
Building C object CMakeFiles/cmTryCompileExec2957244417.dir/CheckFunctionExists.c.o
/usr/bin/gcc   -Wall  -DCHECK_FUNCTION_EXISTS=printstack   -o CMakeFiles/cmTryCompileExec2957244417.dir/CheckFunctionExists.c.o   -c /usr/local/Cellar/cmake/2.8.8/share/cmake/Modules/CheckFunctionExists.c
Linking C executable cmTryCompileExec2957244417
/usr/local/Cellar/cmake/2.8.8/bin/cmake -E cmake_link_script CMakeFiles/cmTryCompileExec2957244417.dir/link.txt --verbose=1
/usr/bin/gcc    -Wall  -DCHECK_FUNCTION_EXISTS=printstack -Wl,-search_paths_first -Wl,-headerpad_max_install_names   CMakeFiles/cmTryCompileExec2957244417.dir/CheckFunctionExists.c.o  -o cmTryCompileExec2957244417  
Undefined symbols for architecture x86_64:
  "_printstack", referenced from:
      _main in CheckFunctionExists.c.o
ld: symbol(s) not found for architecture x86_64
collect2: ld returned 1 exit status
make[1]: *** [cmTryCompileExec2957244417] Error 1
make: *** [cmTryCompileExec2957244417/fast] Error 2


Determining if the function bfill exists failed with the following output:
Change Dir: /Users/showell/Development/mysql-cloud-engine/mysql-5.5.25a/CMakeFiles/CMakeTmp

Run Build Command:/usr/bin/make "cmTryCompileExec609397864/fast"
/usr/bin/make -f CMakeFiles/cmTryCompileExec609397864.dir/build.make CMakeFiles/cmTryCompileExec609397864.dir/build
/usr/local/Cellar/cmake/2.8.8/bin/cmake -E cmake_progress_report /Users/showell/Development/mysql-cloud-engine/mysql-5.5.25a/CMakeFiles/CMakeTmp/CMakeFiles 1
Building C object CMakeFiles/cmTryCompileExec609397864.dir/CheckFunctionExists.c.o
/usr/bin/gcc   -Wall  -DCHECK_FUNCTION_EXISTS=bfill   -o CMakeFiles/cmTryCompileExec609397864.dir/CheckFunctionExists.c.o   -c /usr/local/Cellar/cmake/2.8.8/share/cmake/Modules/CheckFunctionExists.c
Linking C executable cmTryCompileExec609397864
/usr/local/Cellar/cmake/2.8.8/bin/cmake -E cmake_link_script CMakeFiles/cmTryCompileExec609397864.dir/link.txt --verbose=1
/usr/bin/gcc    -Wall  -DCHECK_FUNCTION_EXISTS=bfill -Wl,-search_paths_first -Wl,-headerpad_max_install_names   CMakeFiles/cmTryCompileExec609397864.dir/CheckFunctionExists.c.o  -o cmTryCompileExec609397864  
Undefined symbols for architecture x86_64:
  "_bfill", referenced from:
      _main in CheckFunctionExists.c.o
ld: symbol(s) not found for architecture x86_64
collect2: ld returned 1 exit status
make[1]: *** [cmTryCompileExec609397864] Error 1
make: *** [cmTryCompileExec609397864/fast] Error 2


Determining if the function bmove exists failed with the following output:
Change Dir: /Users/showell/Development/mysql-cloud-engine/mysql-5.5.25a/CMakeFiles/CMakeTmp

Run Build Command:/usr/bin/make "cmTryCompileExec3779822021/fast"
/usr/bin/make -f CMakeFiles/cmTryCompileExec3779822021.dir/build.make CMakeFiles/cmTryCompileExec3779822021.dir/build
/usr/local/Cellar/cmake/2.8.8/bin/cmake -E cmake_progress_report /Users/showell/Development/mysql-cloud-engine/mysql-5.5.25a/CMakeFiles/CMakeTmp/CMakeFiles 1
Building C object CMakeFiles/cmTryCompileExec3779822021.dir/CheckFunctionExists.c.o
/usr/bin/gcc   -Wall  -DCHECK_FUNCTION_EXISTS=bmove   -o CMakeFiles/cmTryCompileExec3779822021.dir/CheckFunctionExists.c.o   -c /usr/local/Cellar/cmake/2.8.8/share/cmake/Modules/CheckFunctionExists.c
Linking C executable cmTryCompileExec3779822021
/usr/local/Cellar/cmake/2.8.8/bin/cmake -E cmake_link_script CMakeFiles/cmTryCompileExec3779822021.dir/link.txt --verbose=1
/usr/bin/gcc    -Wall  -DCHECK_FUNCTION_EXISTS=bmove -Wl,-search_paths_first -Wl,-headerpad_max_install_names   CMakeFiles/cmTryCompileExec3779822021.dir/CheckFunctionExists.c.o  -o cmTryCompileExec3779822021  
Undefined symbols for architecture x86_64:
  "_bmove", referenced from:
      _main in CheckFunctionExists.c.o
ld: symbol(s) not found for architecture x86_64
collect2: ld returned 1 exit status
make[1]: *** [cmTryCompileExec3779822021] Error 1
make: *** [cmTryCompileExec3779822021/fast] Error 2


Determining if the function clock_gettime exists failed with the following output:
Change Dir: /Users/showell/Development/mysql-cloud-engine/mysql-5.5.25a/CMakeFiles/CMakeTmp

Run Build Command:/usr/bin/make "cmTryCompileExec1421770768/fast"
/usr/bin/make -f CMakeFiles/cmTryCompileExec1421770768.dir/build.make CMakeFiles/cmTryCompileExec1421770768.dir/build
/usr/local/Cellar/cmake/2.8.8/bin/cmake -E cmake_progress_report /Users/showell/Development/mysql-cloud-engine/mysql-5.5.25a/CMakeFiles/CMakeTmp/CMakeFiles 1
Building C object CMakeFiles/cmTryCompileExec1421770768.dir/CheckFunctionExists.c.o
/usr/bin/gcc   -Wall  -DCHECK_FUNCTION_EXISTS=clock_gettime   -o CMakeFiles/cmTryCompileExec1421770768.dir/CheckFunctionExists.c.o   -c /usr/local/Cellar/cmake/2.8.8/share/cmake/Modules/CheckFunctionExists.c
Linking C executable cmTryCompileExec1421770768
/usr/local/Cellar/cmake/2.8.8/bin/cmake -E cmake_link_script CMakeFiles/cmTryCompileExec1421770768.dir/link.txt --verbose=1
/usr/bin/gcc    -Wall  -DCHECK_FUNCTION_EXISTS=clock_gettime -Wl,-search_paths_first -Wl,-headerpad_max_install_names   CMakeFiles/cmTryCompileExec1421770768.dir/CheckFunctionExists.c.o  -o cmTryCompileExec1421770768  
Undefined symbols for architecture x86_64:
  "_clock_gettime", referenced from:
      _main in CheckFunctionExists.c.o
ld: symbol(s) not found for architecture x86_64
collect2: ld returned 1 exit status
make[1]: *** [cmTryCompileExec1421770768] Error 1
make: *** [cmTryCompileExec1421770768/fast] Error 2


Determining if the function cuserid exists failed with the following output:
Change Dir: /Users/showell/Development/mysql-cloud-engine/mysql-5.5.25a/CMakeFiles/CMakeTmp

Run Build Command:/usr/bin/make "cmTryCompileExec1188439552/fast"
/usr/bin/make -f CMakeFiles/cmTryCompileExec1188439552.dir/build.make CMakeFiles/cmTryCompileExec1188439552.dir/build
/usr/local/Cellar/cmake/2.8.8/bin/cmake -E cmake_progress_report /Users/showell/Development/mysql-cloud-engine/mysql-5.5.25a/CMakeFiles/CMakeTmp/CMakeFiles 1
Building C object CMakeFiles/cmTryCompileExec1188439552.dir/CheckFunctionExists.c.o
/usr/bin/gcc   -Wall  -DCHECK_FUNCTION_EXISTS=cuserid   -o CMakeFiles/cmTryCompileExec1188439552.dir/CheckFunctionExists.c.o   -c /usr/local/Cellar/cmake/2.8.8/share/cmake/Modules/CheckFunctionExists.c
Linking C executable cmTryCompileExec1188439552
/usr/local/Cellar/cmake/2.8.8/bin/cmake -E cmake_link_script CMakeFiles/cmTryCompileExec1188439552.dir/link.txt --verbose=1
/usr/bin/gcc    -Wall  -DCHECK_FUNCTION_EXISTS=cuserid -Wl,-search_paths_first -Wl,-headerpad_max_install_names   CMakeFiles/cmTryCompileExec1188439552.dir/CheckFunctionExists.c.o  -o cmTryCompileExec1188439552  
Undefined symbols for architecture x86_64:
  "_cuserid", referenced from:
      _main in CheckFunctionExists.c.o
ld: symbol(s) not found for architecture x86_64
collect2: ld returned 1 exit status
make[1]: *** [cmTryCompileExec1188439552] Error 1
make: *** [cmTryCompileExec1188439552/fast] Error 2


Determining if the function directio exists failed with the following output:
Change Dir: /Users/showell/Development/mysql-cloud-engine/mysql-5.5.25a/CMakeFiles/CMakeTmp

Run Build Command:/usr/bin/make "cmTryCompileExec4285325695/fast"
/usr/bin/make -f CMakeFiles/cmTryCompileExec4285325695.dir/build.make CMakeFiles/cmTryCompileExec4285325695.dir/build
/usr/local/Cellar/cmake/2.8.8/bin/cmake -E cmake_progress_report /Users/showell/Development/mysql-cloud-engine/mysql-5.5.25a/CMakeFiles/CMakeTmp/CMakeFiles 1
Building C object CMakeFiles/cmTryCompileExec4285325695.dir/CheckFunctionExists.c.o
/usr/bin/gcc   -Wall  -DCHECK_FUNCTION_EXISTS=directio   -o CMakeFiles/cmTryCompileExec4285325695.dir/CheckFunctionExists.c.o   -c /usr/local/Cellar/cmake/2.8.8/share/cmake/Modules/CheckFunctionExists.c
Linking C executable cmTryCompileExec4285325695
/usr/local/Cellar/cmake/2.8.8/bin/cmake -E cmake_link_script CMakeFiles/cmTryCompileExec4285325695.dir/link.txt --verbose=1
/usr/bin/gcc    -Wall  -DCHECK_FUNCTION_EXISTS=directio -Wl,-search_paths_first -Wl,-headerpad_max_install_names   CMakeFiles/cmTryCompileExec4285325695.dir/CheckFunctionExists.c.o  -o cmTryCompileExec4285325695  
Undefined symbols for architecture x86_64:
  "_directio", referenced from:
      _main in CheckFunctionExists.c.o
ld: symbol(s) not found for architecture x86_64
collect2: ld returned 1 exit status
make[1]: *** [cmTryCompileExec4285325695] Error 1
make: *** [cmTryCompileExec4285325695/fast] Error 2


Determining if the function _doprnt exists failed with the following output:
Change Dir: /Users/showell/Development/mysql-cloud-engine/mysql-5.5.25a/CMakeFiles/CMakeTmp

Run Build Command:/usr/bin/make "cmTryCompileExec1133435470/fast"
/usr/bin/make -f CMakeFiles/cmTryCompileExec1133435470.dir/build.make CMakeFiles/cmTryCompileExec1133435470.dir/build
/usr/local/Cellar/cmake/2.8.8/bin/cmake -E cmake_progress_report /Users/showell/Development/mysql-cloud-engine/mysql-5.5.25a/CMakeFiles/CMakeTmp/CMakeFiles 1
Building C object CMakeFiles/cmTryCompileExec1133435470.dir/CheckFunctionExists.c.o
/usr/bin/gcc   -Wall  -DCHECK_FUNCTION_EXISTS=_doprnt   -o CMakeFiles/cmTryCompileExec1133435470.dir/CheckFunctionExists.c.o   -c /usr/local/Cellar/cmake/2.8.8/share/cmake/Modules/CheckFunctionExists.c
Linking C executable cmTryCompileExec1133435470
/usr/local/Cellar/cmake/2.8.8/bin/cmake -E cmake_link_script CMakeFiles/cmTryCompileExec1133435470.dir/link.txt --verbose=1
/usr/bin/gcc    -Wall  -DCHECK_FUNCTION_EXISTS=_doprnt -Wl,-search_paths_first -Wl,-headerpad_max_install_names   CMakeFiles/cmTryCompileExec1133435470.dir/CheckFunctionExists.c.o  -o cmTryCompileExec1133435470  
Undefined symbols for architecture x86_64:
  "__doprnt", referenced from:
      _main in CheckFunctionExists.c.o
ld: symbol(s) not found for architecture x86_64
collect2: ld returned 1 exit status
make[1]: *** [cmTryCompileExec1133435470] Error 1
make: *** [cmTryCompileExec1133435470/fast] Error 2


Determining if the function compress exists failed with the following output:
Change Dir: /Users/showell/Development/mysql-cloud-engine/mysql-5.5.25a/CMakeFiles/CMakeTmp

Run Build Command:/usr/bin/make "cmTryCompileExec562725120/fast"
/usr/bin/make -f CMakeFiles/cmTryCompileExec562725120.dir/build.make CMakeFiles/cmTryCompileExec562725120.dir/build
/usr/local/Cellar/cmake/2.8.8/bin/cmake -E cmake_progress_report /Users/showell/Development/mysql-cloud-engine/mysql-5.5.25a/CMakeFiles/CMakeTmp/CMakeFiles 1
Building C object CMakeFiles/cmTryCompileExec562725120.dir/CheckFunctionExists.c.o
/usr/bin/gcc   -Wall  -DCHECK_FUNCTION_EXISTS=compress   -o CMakeFiles/cmTryCompileExec562725120.dir/CheckFunctionExists.c.o   -c /usr/local/Cellar/cmake/2.8.8/share/cmake/Modules/CheckFunctionExists.c
Linking C executable cmTryCompileExec562725120
/usr/local/Cellar/cmake/2.8.8/bin/cmake -E cmake_link_script CMakeFiles/cmTryCompileExec562725120.dir/link.txt --verbose=1
/usr/bin/gcc    -Wall  -DCHECK_FUNCTION_EXISTS=compress -Wl,-search_paths_first -Wl,-headerpad_max_install_names   CMakeFiles/cmTryCompileExec562725120.dir/CheckFunctionExists.c.o  -o cmTryCompileExec562725120  
Undefined symbols for architecture x86_64:
  "_compress", referenced from:
      _main in CheckFunctionExists.c.o
ld: symbol(s) not found for architecture x86_64
collect2: ld returned 1 exit status
make[1]: *** [cmTryCompileExec562725120] Error 1
make: *** [cmTryCompileExec562725120/fast] Error 2


Determining if the function fconvert exists failed with the following output:
Change Dir: /Users/showell/Development/mysql-cloud-engine/mysql-5.5.25a/CMakeFiles/CMakeTmp

Run Build Command:/usr/bin/make "cmTryCompileExec3782180976/fast"
/usr/bin/make -f CMakeFiles/cmTryCompileExec3782180976.dir/build.make CMakeFiles/cmTryCompileExec3782180976.dir/build
/usr/local/Cellar/cmake/2.8.8/bin/cmake -E cmake_progress_report /Users/showell/Development/mysql-cloud-engine/mysql-5.5.25a/CMakeFiles/CMakeTmp/CMakeFiles 1
Building C object CMakeFiles/cmTryCompileExec3782180976.dir/CheckFunctionExists.c.o
/usr/bin/gcc   -Wall  -DCHECK_FUNCTION_EXISTS=fconvert   -o CMakeFiles/cmTryCompileExec3782180976.dir/CheckFunctionExists.c.o   -c /usr/local/Cellar/cmake/2.8.8/share/cmake/Modules/CheckFunctionExists.c
Linking C executable cmTryCompileExec3782180976
/usr/local/Cellar/cmake/2.8.8/bin/cmake -E cmake_link_script CMakeFiles/cmTryCompileExec3782180976.dir/link.txt --verbose=1
/usr/bin/gcc    -Wall  -DCHECK_FUNCTION_EXISTS=fconvert -Wl,-search_paths_first -Wl,-headerpad_max_install_names   CMakeFiles/cmTryCompileExec3782180976.dir/CheckFunctionExists.c.o  -o cmTryCompileExec3782180976  
Undefined symbols for architecture x86_64:
  "_fconvert", referenced from:
      _main in CheckFunctionExists.c.o
ld: symbol(s) not found for architecture x86_64
collect2: ld returned 1 exit status
make[1]: *** [cmTryCompileExec3782180976] Error 1
make: *** [cmTryCompileExec3782180976/fast] Error 2


Determining if the fdatasync exist failed with the following output:
Change Dir: /Users/showell/Development/mysql-cloud-engine/mysql-5.5.25a/CMakeFiles/CMakeTmp

Run Build Command:/usr/bin/make "cmTryCompileExec3453339799/fast"
/usr/bin/make -f CMakeFiles/cmTryCompileExec3453339799.dir/build.make CMakeFiles/cmTryCompileExec3453339799.dir/build
/usr/local/Cellar/cmake/2.8.8/bin/cmake -E cmake_progress_report /Users/showell/Development/mysql-cloud-engine/mysql-5.5.25a/CMakeFiles/CMakeTmp/CMakeFiles 1
Building C object CMakeFiles/cmTryCompileExec3453339799.dir/CheckSymbolExists.c.o
/usr/bin/gcc   -Wall     -o CMakeFiles/cmTryCompileExec3453339799.dir/CheckSymbolExists.c.o   -c /Users/showell/Development/mysql-cloud-engine/mysql-5.5.25a/CMakeFiles/CMakeTmp/CheckSymbolExists.c
/Users/showell/Development/mysql-cloud-engine/mysql-5.5.25a/CMakeFiles/CMakeTmp/CheckSymbolExists.c: In function ‘main’:
/Users/showell/Development/mysql-cloud-engine/mysql-5.5.25a/CMakeFiles/CMakeTmp/CheckSymbolExists.c:8: error: ‘fdatasync’ undeclared (first use in this function)
/Users/showell/Development/mysql-cloud-engine/mysql-5.5.25a/CMakeFiles/CMakeTmp/CheckSymbolExists.c:8: error: (Each undeclared identifier is reported only once
/Users/showell/Development/mysql-cloud-engine/mysql-5.5.25a/CMakeFiles/CMakeTmp/CheckSymbolExists.c:8: error: for each function it appears in.)
/Users/showell/Development/mysql-cloud-engine/mysql-5.5.25a/CMakeFiles/CMakeTmp/CheckSymbolExists.c:13: warning: control reaches end of non-void function
make[1]: *** [CMakeFiles/cmTryCompileExec3453339799.dir/CheckSymbolExists.c.o] Error 1
make: *** [cmTryCompileExec3453339799/fast] Error 2

File /Users/showell/Development/mysql-cloud-engine/mysql-5.5.25a/CMakeFiles/CMakeTmp/CheckSymbolExists.c:
/* */
#include <unistd.h>

int main(int argc, char** argv)
{
  (void)argv;
#ifndef fdatasync
  return ((int*)(&fdatasync))[argc];
#else
  (void)argc;
  return 0;
#endif
}

Determining if the function fedisableexcept exists failed with the following output:
Change Dir: /Users/showell/Development/mysql-cloud-engine/mysql-5.5.25a/CMakeFiles/CMakeTmp

Run Build Command:/usr/bin/make "cmTryCompileExec3370438344/fast"
/usr/bin/make -f CMakeFiles/cmTryCompileExec3370438344.dir/build.make CMakeFiles/cmTryCompileExec3370438344.dir/build
/usr/local/Cellar/cmake/2.8.8/bin/cmake -E cmake_progress_report /Users/showell/Development/mysql-cloud-engine/mysql-5.5.25a/CMakeFiles/CMakeTmp/CMakeFiles 1
Building C object CMakeFiles/cmTryCompileExec3370438344.dir/CheckFunctionExists.c.o
/usr/bin/gcc   -Wall  -DCHECK_FUNCTION_EXISTS=fedisableexcept   -o CMakeFiles/cmTryCompileExec3370438344.dir/CheckFunctionExists.c.o   -c /usr/local/Cellar/cmake/2.8.8/share/cmake/Modules/CheckFunctionExists.c
Linking C executable cmTryCompileExec3370438344
/usr/local/Cellar/cmake/2.8.8/bin/cmake -E cmake_link_script CMakeFiles/cmTryCompileExec3370438344.dir/link.txt --verbose=1
/usr/bin/gcc    -Wall  -DCHECK_FUNCTION_EXISTS=fedisableexcept -Wl,-search_paths_first -Wl,-headerpad_max_install_names   CMakeFiles/cmTryCompileExec3370438344.dir/CheckFunctionExists.c.o  -o cmTryCompileExec3370438344  
Undefined symbols for architecture x86_64:
  "_fedisableexcept", referenced from:
      _main in CheckFunctionExists.c.o
ld: symbol(s) not found for architecture x86_64
collect2: ld returned 1 exit status
make[1]: *** [cmTryCompileExec3370438344] Error 1
make: *** [cmTryCompileExec3370438344/fast] Error 2


Determining if the function fpsetmask exists failed with the following output:
Change Dir: /Users/showell/Development/mysql-cloud-engine/mysql-5.5.25a/CMakeFiles/CMakeTmp

Run Build Command:/usr/bin/make "cmTryCompileExec2430711251/fast"
/usr/bin/make -f CMakeFiles/cmTryCompileExec2430711251.dir/build.make CMakeFiles/cmTryCompileExec2430711251.dir/build
/usr/local/Cellar/cmake/2.8.8/bin/cmake -E cmake_progress_report /Users/showell/Development/mysql-cloud-engine/mysql-5.5.25a/CMakeFiles/CMakeTmp/CMakeFiles 1
Building C object CMakeFiles/cmTryCompileExec2430711251.dir/CheckFunctionExists.c.o
/usr/bin/gcc   -Wall  -DCHECK_FUNCTION_EXISTS=fpsetmask   -o CMakeFiles/cmTryCompileExec2430711251.dir/CheckFunctionExists.c.o   -c /usr/local/Cellar/cmake/2.8.8/share/cmake/Modules/CheckFunctionExists.c
Linking C executable cmTryCompileExec2430711251
/usr/local/Cellar/cmake/2.8.8/bin/cmake -E cmake_link_script CMakeFiles/cmTryCompileExec2430711251.dir/link.txt --verbose=1
/usr/bin/gcc    -Wall  -DCHECK_FUNCTION_EXISTS=fpsetmask -Wl,-search_paths_first -Wl,-headerpad_max_install_names   CMakeFiles/cmTryCompileExec2430711251.dir/CheckFunctionExists.c.o  -o cmTryCompileExec2430711251  
Undefined symbols for architecture x86_64:
  "_fpsetmask", referenced from:
      _main in CheckFunctionExists.c.o
ld: symbol(s) not found for architecture x86_64
collect2: ld returned 1 exit status
make[1]: *** [cmTryCompileExec2430711251] Error 1
make: *** [cmTryCompileExec2430711251/fast] Error 2


Determining if the function gethostbyaddr_r exists failed with the following output:
Change Dir: /Users/showell/Development/mysql-cloud-engine/mysql-5.5.25a/CMakeFiles/CMakeTmp

Run Build Command:/usr/bin/make "cmTryCompileExec3813572328/fast"
/usr/bin/make -f CMakeFiles/cmTryCompileExec3813572328.dir/build.make CMakeFiles/cmTryCompileExec3813572328.dir/build
/usr/local/Cellar/cmake/2.8.8/bin/cmake -E cmake_progress_report /Users/showell/Development/mysql-cloud-engine/mysql-5.5.25a/CMakeFiles/CMakeTmp/CMakeFiles 1
Building C object CMakeFiles/cmTryCompileExec3813572328.dir/CheckFunctionExists.c.o
/usr/bin/gcc   -Wall  -DCHECK_FUNCTION_EXISTS=gethostbyaddr_r   -o CMakeFiles/cmTryCompileExec3813572328.dir/CheckFunctionExists.c.o   -c /usr/local/Cellar/cmake/2.8.8/share/cmake/Modules/CheckFunctionExists.c
Linking C executable cmTryCompileExec3813572328
/usr/local/Cellar/cmake/2.8.8/bin/cmake -E cmake_link_script CMakeFiles/cmTryCompileExec3813572328.dir/link.txt --verbose=1
/usr/bin/gcc    -Wall  -DCHECK_FUNCTION_EXISTS=gethostbyaddr_r -Wl,-search_paths_first -Wl,-headerpad_max_install_names   CMakeFiles/cmTryCompileExec3813572328.dir/CheckFunctionExists.c.o  -o cmTryCompileExec3813572328  
Undefined symbols for architecture x86_64:
  "_gethostbyaddr_r", referenced from:
      _main in CheckFunctionExists.c.o
ld: symbol(s) not found for architecture x86_64
collect2: ld returned 1 exit status
make[1]: *** [cmTryCompileExec3813572328] Error 1
make: *** [cmTryCompileExec3813572328/fast] Error 2


Determining if the function gethrtime exists failed with the following output:
Change Dir: /Users/showell/Development/mysql-cloud-engine/mysql-5.5.25a/CMakeFiles/CMakeTmp

Run Build Command:/usr/bin/make "cmTryCompileExec3687710361/fast"
/usr/bin/make -f CMakeFiles/cmTryCompileExec3687710361.dir/build.make CMakeFiles/cmTryCompileExec3687710361.dir/build
/usr/local/Cellar/cmake/2.8.8/bin/cmake -E cmake_progress_report /Users/showell/Development/mysql-cloud-engine/mysql-5.5.25a/CMakeFiles/CMakeTmp/CMakeFiles 1
Building C object CMakeFiles/cmTryCompileExec3687710361.dir/CheckFunctionExists.c.o
/usr/bin/gcc   -Wall  -DCHECK_FUNCTION_EXISTS=gethrtime   -o CMakeFiles/cmTryCompileExec3687710361.dir/CheckFunctionExists.c.o   -c /usr/local/Cellar/cmake/2.8.8/share/cmake/Modules/CheckFunctionExists.c
Linking C executable cmTryCompileExec3687710361
/usr/local/Cellar/cmake/2.8.8/bin/cmake -E cmake_link_script CMakeFiles/cmTryCompileExec3687710361.dir/link.txt --verbose=1
/usr/bin/gcc    -Wall  -DCHECK_FUNCTION_EXISTS=gethrtime -Wl,-search_paths_first -Wl,-headerpad_max_install_names   CMakeFiles/cmTryCompileExec3687710361.dir/CheckFunctionExists.c.o  -o cmTryCompileExec3687710361  
Undefined symbols for architecture x86_64:
  "_gethrtime", referenced from:
      _main in CheckFunctionExists.c.o
ld: symbol(s) not found for architecture x86_64
collect2: ld returned 1 exit status
make[1]: *** [cmTryCompileExec3687710361] Error 1
make: *** [cmTryCompileExec3687710361/fast] Error 2


Determining if the function getpassphrase exists failed with the following output:
Change Dir: /Users/showell/Development/mysql-cloud-engine/mysql-5.5.25a/CMakeFiles/CMakeTmp

Run Build Command:/usr/bin/make "cmTryCompileExec2490527176/fast"
/usr/bin/make -f CMakeFiles/cmTryCompileExec2490527176.dir/build.make CMakeFiles/cmTryCompileExec2490527176.dir/build
/usr/local/Cellar/cmake/2.8.8/bin/cmake -E cmake_progress_report /Users/showell/Development/mysql-cloud-engine/mysql-5.5.25a/CMakeFiles/CMakeTmp/CMakeFiles 1
Building C object CMakeFiles/cmTryCompileExec2490527176.dir/CheckFunctionExists.c.o
/usr/bin/gcc   -Wall  -DCHECK_FUNCTION_EXISTS=getpassphrase   -o CMakeFiles/cmTryCompileExec2490527176.dir/CheckFunctionExists.c.o   -c /usr/local/Cellar/cmake/2.8.8/share/cmake/Modules/CheckFunctionExists.c
Linking C executable cmTryCompileExec2490527176
/usr/local/Cellar/cmake/2.8.8/bin/cmake -E cmake_link_script CMakeFiles/cmTryCompileExec2490527176.dir/link.txt --verbose=1
/usr/bin/gcc    -Wall  -DCHECK_FUNCTION_EXISTS=getpassphrase -Wl,-search_paths_first -Wl,-headerpad_max_install_names   CMakeFiles/cmTryCompileExec2490527176.dir/CheckFunctionExists.c.o  -o cmTryCompileExec2490527176  
Undefined symbols for architecture x86_64:
  "_getpassphrase", referenced from:
      _main in CheckFunctionExists.c.o
ld: symbol(s) not found for architecture x86_64
collect2: ld returned 1 exit status
make[1]: *** [cmTryCompileExec2490527176] Error 1
make: *** [cmTryCompileExec2490527176/fast] Error 2


Determining if the function mallinfo exists failed with the following output:
Change Dir: /Users/showell/Development/mysql-cloud-engine/mysql-5.5.25a/CMakeFiles/CMakeTmp

Run Build Command:/usr/bin/make "cmTryCompileExec3122893108/fast"
/usr/bin/make -f CMakeFiles/cmTryCompileExec3122893108.dir/build.make CMakeFiles/cmTryCompileExec3122893108.dir/build
/usr/local/Cellar/cmake/2.8.8/bin/cmake -E cmake_progress_report /Users/showell/Development/mysql-cloud-engine/mysql-5.5.25a/CMakeFiles/CMakeTmp/CMakeFiles 1
Building C object CMakeFiles/cmTryCompileExec3122893108.dir/CheckFunctionExists.c.o
/usr/bin/gcc   -Wall  -DCHECK_FUNCTION_EXISTS=mallinfo   -o CMakeFiles/cmTryCompileExec3122893108.dir/CheckFunctionExists.c.o   -c /usr/local/Cellar/cmake/2.8.8/share/cmake/Modules/CheckFunctionExists.c
Linking C executable cmTryCompileExec3122893108
/usr/local/Cellar/cmake/2.8.8/bin/cmake -E cmake_link_script CMakeFiles/cmTryCompileExec3122893108.dir/link.txt --verbose=1
/usr/bin/gcc    -Wall  -DCHECK_FUNCTION_EXISTS=mallinfo -Wl,-search_paths_first -Wl,-headerpad_max_install_names   CMakeFiles/cmTryCompileExec3122893108.dir/CheckFunctionExists.c.o  -o cmTryCompileExec3122893108  
Undefined symbols for architecture x86_64:
  "_mallinfo", referenced from:
      _main in CheckFunctionExists.c.o
ld: symbol(s) not found for architecture x86_64
collect2: ld returned 1 exit status
make[1]: *** [cmTryCompileExec3122893108] Error 1
make: *** [cmTryCompileExec3122893108/fast] Error 2


Determining if the function mmap64 exists failed with the following output:
Change Dir: /Users/showell/Development/mysql-cloud-engine/mysql-5.5.25a/CMakeFiles/CMakeTmp

Run Build Command:/usr/bin/make "cmTryCompileExec1282062244/fast"
/usr/bin/make -f CMakeFiles/cmTryCompileExec1282062244.dir/build.make CMakeFiles/cmTryCompileExec1282062244.dir/build
/usr/local/Cellar/cmake/2.8.8/bin/cmake -E cmake_progress_report /Users/showell/Development/mysql-cloud-engine/mysql-5.5.25a/CMakeFiles/CMakeTmp/CMakeFiles 1
Building C object CMakeFiles/cmTryCompileExec1282062244.dir/CheckFunctionExists.c.o
/usr/bin/gcc   -Wall  -DCHECK_FUNCTION_EXISTS=mmap64   -o CMakeFiles/cmTryCompileExec1282062244.dir/CheckFunctionExists.c.o   -c /usr/local/Cellar/cmake/2.8.8/share/cmake/Modules/CheckFunctionExists.c
Linking C executable cmTryCompileExec1282062244
/usr/local/Cellar/cmake/2.8.8/bin/cmake -E cmake_link_script CMakeFiles/cmTryCompileExec1282062244.dir/link.txt --verbose=1
/usr/bin/gcc    -Wall  -DCHECK_FUNCTION_EXISTS=mmap64 -Wl,-search_paths_first -Wl,-headerpad_max_install_names   CMakeFiles/cmTryCompileExec1282062244.dir/CheckFunctionExists.c.o  -o cmTryCompileExec1282062244  
Undefined symbols for architecture x86_64:
  "_mmap64", referenced from:
      _main in CheckFunctionExists.c.o
ld: symbol(s) not found for architecture x86_64
collect2: ld returned 1 exit status
make[1]: *** [cmTryCompileExec1282062244] Error 1
make: *** [cmTryCompileExec1282062244/fast] Error 2


Determining if the function port_create exists failed with the following output:
Change Dir: /Users/showell/Development/mysql-cloud-engine/mysql-5.5.25a/CMakeFiles/CMakeTmp

Run Build Command:/usr/bin/make "cmTryCompileExec2588566653/fast"
/usr/bin/make -f CMakeFiles/cmTryCompileExec2588566653.dir/build.make CMakeFiles/cmTryCompileExec2588566653.dir/build
/usr/local/Cellar/cmake/2.8.8/bin/cmake -E cmake_progress_report /Users/showell/Development/mysql-cloud-engine/mysql-5.5.25a/CMakeFiles/CMakeTmp/CMakeFiles 1
Building C object CMakeFiles/cmTryCompileExec2588566653.dir/CheckFunctionExists.c.o
/usr/bin/gcc   -Wall  -DCHECK_FUNCTION_EXISTS=port_create   -o CMakeFiles/cmTryCompileExec2588566653.dir/CheckFunctionExists.c.o   -c /usr/local/Cellar/cmake/2.8.8/share/cmake/Modules/CheckFunctionExists.c
Linking C executable cmTryCompileExec2588566653
/usr/local/Cellar/cmake/2.8.8/bin/cmake -E cmake_link_script CMakeFiles/cmTryCompileExec2588566653.dir/link.txt --verbose=1
/usr/bin/gcc    -Wall  -DCHECK_FUNCTION_EXISTS=port_create -Wl,-search_paths_first -Wl,-headerpad_max_install_names   CMakeFiles/cmTryCompileExec2588566653.dir/CheckFunctionExists.c.o  -o cmTryCompileExec2588566653  
Undefined symbols for architecture x86_64:
  "_port_create", referenced from:
      _main in CheckFunctionExists.c.o
ld: symbol(s) not found for architecture x86_64
collect2: ld returned 1 exit status
make[1]: *** [cmTryCompileExec2588566653] Error 1
make: *** [cmTryCompileExec2588566653/fast] Error 2


Determining if the function posix_fallocate exists failed with the following output:
Change Dir: /Users/showell/Development/mysql-cloud-engine/mysql-5.5.25a/CMakeFiles/CMakeTmp

Run Build Command:/usr/bin/make "cmTryCompileExec359525618/fast"
/usr/bin/make -f CMakeFiles/cmTryCompileExec359525618.dir/build.make CMakeFiles/cmTryCompileExec359525618.dir/build
/usr/local/Cellar/cmake/2.8.8/bin/cmake -E cmake_progress_report /Users/showell/Development/mysql-cloud-engine/mysql-5.5.25a/CMakeFiles/CMakeTmp/CMakeFiles 1
Building C object CMakeFiles/cmTryCompileExec359525618.dir/CheckFunctionExists.c.o
/usr/bin/gcc   -Wall  -DCHECK_FUNCTION_EXISTS=posix_fallocate   -o CMakeFiles/cmTryCompileExec359525618.dir/CheckFunctionExists.c.o   -c /usr/local/Cellar/cmake/2.8.8/share/cmake/Modules/CheckFunctionExists.c
Linking C executable cmTryCompileExec359525618
/usr/local/Cellar/cmake/2.8.8/bin/cmake -E cmake_link_script CMakeFiles/cmTryCompileExec359525618.dir/link.txt --verbose=1
/usr/bin/gcc    -Wall  -DCHECK_FUNCTION_EXISTS=posix_fallocate -Wl,-search_paths_first -Wl,-headerpad_max_install_names   CMakeFiles/cmTryCompileExec359525618.dir/CheckFunctionExists.c.o  -o cmTryCompileExec359525618  
Undefined symbols for architecture x86_64:
  "_posix_fallocate", referenced from:
      _main in CheckFunctionExists.c.o
ld: symbol(s) not found for architecture x86_64
collect2: ld returned 1 exit status
make[1]: *** [cmTryCompileExec359525618] Error 1
make: *** [cmTryCompileExec359525618/fast] Error 2


Determining if the function pthread_attr_create exists failed with the following output:
Change Dir: /Users/showell/Development/mysql-cloud-engine/mysql-5.5.25a/CMakeFiles/CMakeTmp

Run Build Command:/usr/bin/make "cmTryCompileExec1020786935/fast"
/usr/bin/make -f CMakeFiles/cmTryCompileExec1020786935.dir/build.make CMakeFiles/cmTryCompileExec1020786935.dir/build
/usr/local/Cellar/cmake/2.8.8/bin/cmake -E cmake_progress_report /Users/showell/Development/mysql-cloud-engine/mysql-5.5.25a/CMakeFiles/CMakeTmp/CMakeFiles 1
Building C object CMakeFiles/cmTryCompileExec1020786935.dir/CheckFunctionExists.c.o
/usr/bin/gcc   -Wall  -DCHECK_FUNCTION_EXISTS=pthread_attr_create   -o CMakeFiles/cmTryCompileExec1020786935.dir/CheckFunctionExists.c.o   -c /usr/local/Cellar/cmake/2.8.8/share/cmake/Modules/CheckFunctionExists.c
Linking C executable cmTryCompileExec1020786935
/usr/local/Cellar/cmake/2.8.8/bin/cmake -E cmake_link_script CMakeFiles/cmTryCompileExec1020786935.dir/link.txt --verbose=1
/usr/bin/gcc    -Wall  -DCHECK_FUNCTION_EXISTS=pthread_attr_create -Wl,-search_paths_first -Wl,-headerpad_max_install_names   CMakeFiles/cmTryCompileExec1020786935.dir/CheckFunctionExists.c.o  -o cmTryCompileExec1020786935  
Undefined symbols for architecture x86_64:
  "_pthread_attr_create", referenced from:
      _main in CheckFunctionExists.c.o
ld: symbol(s) not found for architecture x86_64
collect2: ld returned 1 exit status
make[1]: *** [cmTryCompileExec1020786935] Error 1
make: *** [cmTryCompileExec1020786935/fast] Error 2


Determining if the function pthread_condattr_create exists failed with the following output:
Change Dir: /Users/showell/Development/mysql-cloud-engine/mysql-5.5.25a/CMakeFiles/CMakeTmp

Run Build Command:/usr/bin/make "cmTryCompileExec3497464552/fast"
/usr/bin/make -f CMakeFiles/cmTryCompileExec3497464552.dir/build.make CMakeFiles/cmTryCompileExec3497464552.dir/build
/usr/local/Cellar/cmake/2.8.8/bin/cmake -E cmake_progress_report /Users/showell/Development/mysql-cloud-engine/mysql-5.5.25a/CMakeFiles/CMakeTmp/CMakeFiles 1
Building C object CMakeFiles/cmTryCompileExec3497464552.dir/CheckFunctionExists.c.o
/usr/bin/gcc   -Wall  -DCHECK_FUNCTION_EXISTS=pthread_condattr_create   -o CMakeFiles/cmTryCompileExec3497464552.dir/CheckFunctionExists.c.o   -c /usr/local/Cellar/cmake/2.8.8/share/cmake/Modules/CheckFunctionExists.c
Linking C executable cmTryCompileExec3497464552
/usr/local/Cellar/cmake/2.8.8/bin/cmake -E cmake_link_script CMakeFiles/cmTryCompileExec3497464552.dir/link.txt --verbose=1
/usr/bin/gcc    -Wall  -DCHECK_FUNCTION_EXISTS=pthread_condattr_create -Wl,-search_paths_first -Wl,-headerpad_max_install_names   CMakeFiles/cmTryCompileExec3497464552.dir/CheckFunctionExists.c.o  -o cmTryCompileExec3497464552  
Undefined symbols for architecture x86_64:
  "_pthread_condattr_create", referenced from:
      _main in CheckFunctionExists.c.o
ld: symbol(s) not found for architecture x86_64
collect2: ld returned 1 exit status
make[1]: *** [cmTryCompileExec3497464552] Error 1
make: *** [cmTryCompileExec3497464552/fast] Error 2


Determining if the function pthread_condattr_setclock exists failed with the following output:
Change Dir: /Users/showell/Development/mysql-cloud-engine/mysql-5.5.25a/CMakeFiles/CMakeTmp

Run Build Command:/usr/bin/make "cmTryCompileExec1996292143/fast"
/usr/bin/make -f CMakeFiles/cmTryCompileExec1996292143.dir/build.make CMakeFiles/cmTryCompileExec1996292143.dir/build
/usr/local/Cellar/cmake/2.8.8/bin/cmake -E cmake_progress_report /Users/showell/Development/mysql-cloud-engine/mysql-5.5.25a/CMakeFiles/CMakeTmp/CMakeFiles 1
Building C object CMakeFiles/cmTryCompileExec1996292143.dir/CheckFunctionExists.c.o
/usr/bin/gcc   -Wall  -DCHECK_FUNCTION_EXISTS=pthread_condattr_setclock   -o CMakeFiles/cmTryCompileExec1996292143.dir/CheckFunctionExists.c.o   -c /usr/local/Cellar/cmake/2.8.8/share/cmake/Modules/CheckFunctionExists.c
Linking C executable cmTryCompileExec1996292143
/usr/local/Cellar/cmake/2.8.8/bin/cmake -E cmake_link_script CMakeFiles/cmTryCompileExec1996292143.dir/link.txt --verbose=1
/usr/bin/gcc    -Wall  -DCHECK_FUNCTION_EXISTS=pthread_condattr_setclock -Wl,-search_paths_first -Wl,-headerpad_max_install_names   CMakeFiles/cmTryCompileExec1996292143.dir/CheckFunctionExists.c.o  -o cmTryCompileExec1996292143  
Undefined symbols for architecture x86_64:
  "_pthread_condattr_setclock", referenced from:
      _main in CheckFunctionExists.c.o
ld: symbol(s) not found for architecture x86_64
collect2: ld returned 1 exit status
make[1]: *** [cmTryCompileExec1996292143] Error 1
make: *** [cmTryCompileExec1996292143/fast] Error 2


Determining if the function pthread_threadmask exists failed with the following output:
Change Dir: /Users/showell/Development/mysql-cloud-engine/mysql-5.5.25a/CMakeFiles/CMakeTmp

Run Build Command:/usr/bin/make "cmTryCompileExec3880040817/fast"
/usr/bin/make -f CMakeFiles/cmTryCompileExec3880040817.dir/build.make CMakeFiles/cmTryCompileExec3880040817.dir/build
/usr/local/Cellar/cmake/2.8.8/bin/cmake -E cmake_progress_report /Users/showell/Development/mysql-cloud-engine/mysql-5.5.25a/CMakeFiles/CMakeTmp/CMakeFiles 1
Building C object CMakeFiles/cmTryCompileExec3880040817.dir/CheckFunctionExists.c.o
/usr/bin/gcc   -Wall  -DCHECK_FUNCTION_EXISTS=pthread_threadmask   -o CMakeFiles/cmTryCompileExec3880040817.dir/CheckFunctionExists.c.o   -c /usr/local/Cellar/cmake/2.8.8/share/cmake/Modules/CheckFunctionExists.c
Linking C executable cmTryCompileExec3880040817
/usr/local/Cellar/cmake/2.8.8/bin/cmake -E cmake_link_script CMakeFiles/cmTryCompileExec3880040817.dir/link.txt --verbose=1
/usr/bin/gcc    -Wall  -DCHECK_FUNCTION_EXISTS=pthread_threadmask -Wl,-search_paths_first -Wl,-headerpad_max_install_names   CMakeFiles/cmTryCompileExec3880040817.dir/CheckFunctionExists.c.o  -o cmTryCompileExec3880040817  
Undefined symbols for architecture x86_64:
  "_pthread_threadmask", referenced from:
      _main in CheckFunctionExists.c.o
ld: symbol(s) not found for architecture x86_64
collect2: ld returned 1 exit status
make[1]: *** [cmTryCompileExec3880040817] Error 1
make: *** [cmTryCompileExec3880040817/fast] Error 2


Determining if the function re_comp exists failed with the following output:
Change Dir: /Users/showell/Development/mysql-cloud-engine/mysql-5.5.25a/CMakeFiles/CMakeTmp

Run Build Command:/usr/bin/make "cmTryCompileExec2275944771/fast"
/usr/bin/make -f CMakeFiles/cmTryCompileExec2275944771.dir/build.make CMakeFiles/cmTryCompileExec2275944771.dir/build
/usr/local/Cellar/cmake/2.8.8/bin/cmake -E cmake_progress_report /Users/showell/Development/mysql-cloud-engine/mysql-5.5.25a/CMakeFiles/CMakeTmp/CMakeFiles 1
Building C object CMakeFiles/cmTryCompileExec2275944771.dir/CheckFunctionExists.c.o
/usr/bin/gcc   -Wall  -DCHECK_FUNCTION_EXISTS=re_comp   -o CMakeFiles/cmTryCompileExec2275944771.dir/CheckFunctionExists.c.o   -c /usr/local/Cellar/cmake/2.8.8/share/cmake/Modules/CheckFunctionExists.c
Linking C executable cmTryCompileExec2275944771
/usr/local/Cellar/cmake/2.8.8/bin/cmake -E cmake_link_script CMakeFiles/cmTryCompileExec2275944771.dir/link.txt --verbose=1
/usr/bin/gcc    -Wall  -DCHECK_FUNCTION_EXISTS=re_comp -Wl,-search_paths_first -Wl,-headerpad_max_install_names   CMakeFiles/cmTryCompileExec2275944771.dir/CheckFunctionExists.c.o  -o cmTryCompileExec2275944771  
Undefined symbols for architecture x86_64:
  "_re_comp", referenced from:
      _main in CheckFunctionExists.c.o
ld: symbol(s) not found for architecture x86_64
collect2: ld returned 1 exit status
make[1]: *** [cmTryCompileExec2275944771] Error 1
make: *** [cmTryCompileExec2275944771/fast] Error 2


Determining if the function rwlock_init exists failed with the following output:
Change Dir: /Users/showell/Development/mysql-cloud-engine/mysql-5.5.25a/CMakeFiles/CMakeTmp

Run Build Command:/usr/bin/make "cmTryCompileExec3944825662/fast"
/usr/bin/make -f CMakeFiles/cmTryCompileExec3944825662.dir/build.make CMakeFiles/cmTryCompileExec3944825662.dir/build
/usr/local/Cellar/cmake/2.8.8/bin/cmake -E cmake_progress_report /Users/showell/Development/mysql-cloud-engine/mysql-5.5.25a/CMakeFiles/CMakeTmp/CMakeFiles 1
Building C object CMakeFiles/cmTryCompileExec3944825662.dir/CheckFunctionExists.c.o
/usr/bin/gcc   -Wall  -DCHECK_FUNCTION_EXISTS=rwlock_init   -o CMakeFiles/cmTryCompileExec3944825662.dir/CheckFunctionExists.c.o   -c /usr/local/Cellar/cmake/2.8.8/share/cmake/Modules/CheckFunctionExists.c
Linking C executable cmTryCompileExec3944825662
/usr/local/Cellar/cmake/2.8.8/bin/cmake -E cmake_link_script CMakeFiles/cmTryCompileExec3944825662.dir/link.txt --verbose=1
/usr/bin/gcc    -Wall  -DCHECK_FUNCTION_EXISTS=rwlock_init -Wl,-search_paths_first -Wl,-headerpad_max_install_names   CMakeFiles/cmTryCompileExec3944825662.dir/CheckFunctionExists.c.o  -o cmTryCompileExec3944825662  
Undefined symbols for architecture x86_64:
  "_rwlock_init", referenced from:
      _main in CheckFunctionExists.c.o
ld: symbol(s) not found for architecture x86_64
collect2: ld returned 1 exit status
make[1]: *** [cmTryCompileExec3944825662] Error 1
make: *** [cmTryCompileExec3944825662/fast] Error 2


Determining if the function setfd exists failed with the following output:
Change Dir: /Users/showell/Development/mysql-cloud-engine/mysql-5.5.25a/CMakeFiles/CMakeTmp

Run Build Command:/usr/bin/make "cmTryCompileExec4120613517/fast"
/usr/bin/make -f CMakeFiles/cmTryCompileExec4120613517.dir/build.make CMakeFiles/cmTryCompileExec4120613517.dir/build
/usr/local/Cellar/cmake/2.8.8/bin/cmake -E cmake_progress_report /Users/showell/Development/mysql-cloud-engine/mysql-5.5.25a/CMakeFiles/CMakeTmp/CMakeFiles 1
Building C object CMakeFiles/cmTryCompileExec4120613517.dir/CheckFunctionExists.c.o
/usr/bin/gcc   -Wall  -DCHECK_FUNCTION_EXISTS=setfd   -o CMakeFiles/cmTryCompileExec4120613517.dir/CheckFunctionExists.c.o   -c /usr/local/Cellar/cmake/2.8.8/share/cmake/Modules/CheckFunctionExists.c
Linking C executable cmTryCompileExec4120613517
/usr/local/Cellar/cmake/2.8.8/bin/cmake -E cmake_link_script CMakeFiles/cmTryCompileExec4120613517.dir/link.txt --verbose=1
/usr/bin/gcc    -Wall  -DCHECK_FUNCTION_EXISTS=setfd -Wl,-search_paths_first -Wl,-headerpad_max_install_names   CMakeFiles/cmTryCompileExec4120613517.dir/CheckFunctionExists.c.o  -o cmTryCompileExec4120613517  
Undefined symbols for architecture x86_64:
  "_setfd", referenced from:
      _main in CheckFunctionExists.c.o
ld: symbol(s) not found for architecture x86_64
collect2: ld returned 1 exit status
make[1]: *** [cmTryCompileExec4120613517] Error 1
make: *** [cmTryCompileExec4120613517/fast] Error 2


Determining if the function sigthreadmask exists failed with the following output:
Change Dir: /Users/showell/Development/mysql-cloud-engine/mysql-5.5.25a/CMakeFiles/CMakeTmp

Run Build Command:/usr/bin/make "cmTryCompileExec468677055/fast"
/usr/bin/make -f CMakeFiles/cmTryCompileExec468677055.dir/build.make CMakeFiles/cmTryCompileExec468677055.dir/build
/usr/local/Cellar/cmake/2.8.8/bin/cmake -E cmake_progress_report /Users/showell/Development/mysql-cloud-engine/mysql-5.5.25a/CMakeFiles/CMakeTmp/CMakeFiles 1
Building C object CMakeFiles/cmTryCompileExec468677055.dir/CheckFunctionExists.c.o
/usr/bin/gcc   -Wall  -DCHECK_FUNCTION_EXISTS=sigthreadmask   -o CMakeFiles/cmTryCompileExec468677055.dir/CheckFunctionExists.c.o   -c /usr/local/Cellar/cmake/2.8.8/share/cmake/Modules/CheckFunctionExists.c
Linking C executable cmTryCompileExec468677055
/usr/local/Cellar/cmake/2.8.8/bin/cmake -E cmake_link_script CMakeFiles/cmTryCompileExec468677055.dir/link.txt --verbose=1
/usr/bin/gcc    -Wall  -DCHECK_FUNCTION_EXISTS=sigthreadmask -Wl,-search_paths_first -Wl,-headerpad_max_install_names   CMakeFiles/cmTryCompileExec468677055.dir/CheckFunctionExists.c.o  -o cmTryCompileExec468677055  
Undefined symbols for architecture x86_64:
  "_sigthreadmask", referenced from:
      _main in CheckFunctionExists.c.o
ld: symbol(s) not found for architecture x86_64
collect2: ld returned 1 exit status
make[1]: *** [cmTryCompileExec468677055] Error 1
make: *** [cmTryCompileExec468677055/fast] Error 2


Determining if the function tell exists failed with the following output:
Change Dir: /Users/showell/Development/mysql-cloud-engine/mysql-5.5.25a/CMakeFiles/CMakeTmp

Run Build Command:/usr/bin/make "cmTryCompileExec3241786731/fast"
/usr/bin/make -f CMakeFiles/cmTryCompileExec3241786731.dir/build.make CMakeFiles/cmTryCompileExec3241786731.dir/build
/usr/local/Cellar/cmake/2.8.8/bin/cmake -E cmake_progress_report /Users/showell/Development/mysql-cloud-engine/mysql-5.5.25a/CMakeFiles/CMakeTmp/CMakeFiles 1
Building C object CMakeFiles/cmTryCompileExec3241786731.dir/CheckFunctionExists.c.o
/usr/bin/gcc   -Wall  -DCHECK_FUNCTION_EXISTS=tell   -o CMakeFiles/cmTryCompileExec3241786731.dir/CheckFunctionExists.c.o   -c /usr/local/Cellar/cmake/2.8.8/share/cmake/Modules/CheckFunctionExists.c
Linking C executable cmTryCompileExec3241786731
/usr/local/Cellar/cmake/2.8.8/bin/cmake -E cmake_link_script CMakeFiles/cmTryCompileExec3241786731.dir/link.txt --verbose=1
/usr/bin/gcc    -Wall  -DCHECK_FUNCTION_EXISTS=tell -Wl,-search_paths_first -Wl,-headerpad_max_install_names   CMakeFiles/cmTryCompileExec3241786731.dir/CheckFunctionExists.c.o  -o cmTryCompileExec3241786731  
Undefined symbols for architecture x86_64:
  "_tell", referenced from:
      _main in CheckFunctionExists.c.o
ld: symbol(s) not found for architecture x86_64
collect2: ld returned 1 exit status
make[1]: *** [cmTryCompileExec3241786731] Error 1
make: *** [cmTryCompileExec3241786731/fast] Error 2


Determining if the function thr_setconcurrency exists failed with the following output:
Change Dir: /Users/showell/Development/mysql-cloud-engine/mysql-5.5.25a/CMakeFiles/CMakeTmp

Run Build Command:/usr/bin/make "cmTryCompileExec2032542565/fast"
/usr/bin/make -f CMakeFiles/cmTryCompileExec2032542565.dir/build.make CMakeFiles/cmTryCompileExec2032542565.dir/build
/usr/local/Cellar/cmake/2.8.8/bin/cmake -E cmake_progress_report /Users/showell/Development/mysql-cloud-engine/mysql-5.5.25a/CMakeFiles/CMakeTmp/CMakeFiles 1
Building C object CMakeFiles/cmTryCompileExec2032542565.dir/CheckFunctionExists.c.o
/usr/bin/gcc   -Wall  -DCHECK_FUNCTION_EXISTS=thr_setconcurrency   -o CMakeFiles/cmTryCompileExec2032542565.dir/CheckFunctionExists.c.o   -c /usr/local/Cellar/cmake/2.8.8/share/cmake/Modules/CheckFunctionExists.c
Linking C executable cmTryCompileExec2032542565
/usr/local/Cellar/cmake/2.8.8/bin/cmake -E cmake_link_script CMakeFiles/cmTryCompileExec2032542565.dir/link.txt --verbose=1
/usr/bin/gcc    -Wall  -DCHECK_FUNCTION_EXISTS=thr_setconcurrency -Wl,-search_paths_first -Wl,-headerpad_max_install_names   CMakeFiles/cmTryCompileExec2032542565.dir/CheckFunctionExists.c.o  -o cmTryCompileExec2032542565  
Undefined symbols for architecture x86_64:
  "_thr_setconcurrency", referenced from:
      _main in CheckFunctionExists.c.o
ld: symbol(s) not found for architecture x86_64
collect2: ld returned 1 exit status
make[1]: *** [cmTryCompileExec2032542565] Error 1
make: *** [cmTryCompileExec2032542565/fast] Error 2


Determining if the function thr_yield exists failed with the following output:
Change Dir: /Users/showell/Development/mysql-cloud-engine/mysql-5.5.25a/CMakeFiles/CMakeTmp

Run Build Command:/usr/bin/make "cmTryCompileExec2462128443/fast"
/usr/bin/make -f CMakeFiles/cmTryCompileExec2462128443.dir/build.make CMakeFiles/cmTryCompileExec2462128443.dir/build
/usr/local/Cellar/cmake/2.8.8/bin/cmake -E cmake_progress_report /Users/showell/Development/mysql-cloud-engine/mysql-5.5.25a/CMakeFiles/CMakeTmp/CMakeFiles 1
Building C object CMakeFiles/cmTryCompileExec2462128443.dir/CheckFunctionExists.c.o
/usr/bin/gcc   -Wall  -DCHECK_FUNCTION_EXISTS=thr_yield   -o CMakeFiles/cmTryCompileExec2462128443.dir/CheckFunctionExists.c.o   -c /usr/local/Cellar/cmake/2.8.8/share/cmake/Modules/CheckFunctionExists.c
Linking C executable cmTryCompileExec2462128443
/usr/local/Cellar/cmake/2.8.8/bin/cmake -E cmake_link_script CMakeFiles/cmTryCompileExec2462128443.dir/link.txt --verbose=1
/usr/bin/gcc    -Wall  -DCHECK_FUNCTION_EXISTS=thr_yield -Wl,-search_paths_first -Wl,-headerpad_max_install_names   CMakeFiles/cmTryCompileExec2462128443.dir/CheckFunctionExists.c.o  -o cmTryCompileExec2462128443  
Undefined symbols for architecture x86_64:
  "_thr_yield", referenced from:
      _main in CheckFunctionExists.c.o
ld: symbol(s) not found for architecture x86_64
collect2: ld returned 1 exit status
make[1]: *** [cmTryCompileExec2462128443] Error 1
make: *** [cmTryCompileExec2462128443/fast] Error 2


Determining if the function memalign exists failed with the following output:
Change Dir: /Users/showell/Development/mysql-cloud-engine/mysql-5.5.25a/CMakeFiles/CMakeTmp

Run Build Command:/usr/bin/make "cmTryCompileExec417576432/fast"
/usr/bin/make -f CMakeFiles/cmTryCompileExec417576432.dir/build.make CMakeFiles/cmTryCompileExec417576432.dir/build
/usr/local/Cellar/cmake/2.8.8/bin/cmake -E cmake_progress_report /Users/showell/Development/mysql-cloud-engine/mysql-5.5.25a/CMakeFiles/CMakeTmp/CMakeFiles 1
Building C object CMakeFiles/cmTryCompileExec417576432.dir/CheckFunctionExists.c.o
/usr/bin/gcc   -Wall  -DCHECK_FUNCTION_EXISTS=memalign   -o CMakeFiles/cmTryCompileExec417576432.dir/CheckFunctionExists.c.o   -c /usr/local/Cellar/cmake/2.8.8/share/cmake/Modules/CheckFunctionExists.c
Linking C executable cmTryCompileExec417576432
/usr/local/Cellar/cmake/2.8.8/bin/cmake -E cmake_link_script CMakeFiles/cmTryCompileExec417576432.dir/link.txt --verbose=1
/usr/bin/gcc    -Wall  -DCHECK_FUNCTION_EXISTS=memalign -Wl,-search_paths_first -Wl,-headerpad_max_install_names   CMakeFiles/cmTryCompileExec417576432.dir/CheckFunctionExists.c.o  -o cmTryCompileExec417576432  
Undefined symbols for architecture x86_64:
  "_memalign", referenced from:
      _main in CheckFunctionExists.c.o
ld: symbol(s) not found for architecture x86_64
collect2: ld returned 1 exit status
make[1]: *** [cmTryCompileExec417576432] Error 1
make: *** [cmTryCompileExec417576432/fast] Error 2


Determining if files asm/msr.h exist failed with the following output:
Change Dir: /Users/showell/Development/mysql-cloud-engine/mysql-5.5.25a/CMakeFiles/CMakeTmp

Run Build Command:/usr/bin/make "cmTryCompileExec4019155521/fast"
/usr/bin/make -f CMakeFiles/cmTryCompileExec4019155521.dir/build.make CMakeFiles/cmTryCompileExec4019155521.dir/build
/usr/local/Cellar/cmake/2.8.8/bin/cmake -E cmake_progress_report /Users/showell/Development/mysql-cloud-engine/mysql-5.5.25a/CMakeFiles/CMakeTmp/CMakeFiles 1
Building C object CMakeFiles/cmTryCompileExec4019155521.dir/CheckIncludeFiles.c.o
/usr/bin/gcc   -Wall     -o CMakeFiles/cmTryCompileExec4019155521.dir/CheckIncludeFiles.c.o   -c /Users/showell/Development/mysql-cloud-engine/mysql-5.5.25a/CMakeFiles/CMakeTmp/CheckIncludeFiles.c
/Users/showell/Development/mysql-cloud-engine/mysql-5.5.25a/CMakeFiles/CMakeTmp/CheckIncludeFiles.c:2:21: error: asm/msr.h: No such file or directory
make[1]: *** [CMakeFiles/cmTryCompileExec4019155521.dir/CheckIncludeFiles.c.o] Error 1
make: *** [cmTryCompileExec4019155521/fast] Error 2

Source:
/* */
#include <asm/msr.h>


int main(){return 0;}

Determining if files ia64intrin.h exist failed with the following output:
Change Dir: /Users/showell/Development/mysql-cloud-engine/mysql-5.5.25a/CMakeFiles/CMakeTmp

Run Build Command:/usr/bin/make "cmTryCompileExec2659477944/fast"
/usr/bin/make -f CMakeFiles/cmTryCompileExec2659477944.dir/build.make CMakeFiles/cmTryCompileExec2659477944.dir/build
/usr/local/Cellar/cmake/2.8.8/bin/cmake -E cmake_progress_report /Users/showell/Development/mysql-cloud-engine/mysql-5.5.25a/CMakeFiles/CMakeTmp/CMakeFiles 1
Building C object CMakeFiles/cmTryCompileExec2659477944.dir/CheckIncludeFiles.c.o
/usr/bin/gcc   -Wall     -o CMakeFiles/cmTryCompileExec2659477944.dir/CheckIncludeFiles.c.o   -c /Users/showell/Development/mysql-cloud-engine/mysql-5.5.25a/CMakeFiles/CMakeTmp/CheckIncludeFiles.c
/Users/showell/Development/mysql-cloud-engine/mysql-5.5.25a/CMakeFiles/CMakeTmp/CheckIncludeFiles.c:2:24: error: ia64intrin.h: No such file or directory
make[1]: *** [CMakeFiles/cmTryCompileExec2659477944.dir/CheckIncludeFiles.c.o] Error 1
make: *** [cmTryCompileExec2659477944/fast] Error 2

Source:
/* */
#include <ia64intrin.h>


int main(){return 0;}

Determining if the function read_real_time exists failed with the following output:
Change Dir: /Users/showell/Development/mysql-cloud-engine/mysql-5.5.25a/CMakeFiles/CMakeTmp

Run Build Command:/usr/bin/make "cmTryCompileExec3303050362/fast"
/usr/bin/make -f CMakeFiles/cmTryCompileExec3303050362.dir/build.make CMakeFiles/cmTryCompileExec3303050362.dir/build
/usr/local/Cellar/cmake/2.8.8/bin/cmake -E cmake_progress_report /Users/showell/Development/mysql-cloud-engine/mysql-5.5.25a/CMakeFiles/CMakeTmp/CMakeFiles 1
Building C object CMakeFiles/cmTryCompileExec3303050362.dir/CheckFunctionExists.c.o
/usr/bin/gcc   -Wall  -DCHECK_FUNCTION_EXISTS=read_real_time   -o CMakeFiles/cmTryCompileExec3303050362.dir/CheckFunctionExists.c.o   -c /usr/local/Cellar/cmake/2.8.8/share/cmake/Modules/CheckFunctionExists.c
Linking C executable cmTryCompileExec3303050362
/usr/local/Cellar/cmake/2.8.8/bin/cmake -E cmake_link_script CMakeFiles/cmTryCompileExec3303050362.dir/link.txt --verbose=1
/usr/bin/gcc    -Wall  -DCHECK_FUNCTION_EXISTS=read_real_time -Wl,-search_paths_first -Wl,-headerpad_max_install_names   CMakeFiles/cmTryCompileExec3303050362.dir/CheckFunctionExists.c.o  -o cmTryCompileExec3303050362  
Undefined symbols for architecture x86_64:
  "_read_real_time", referenced from:
      _main in CheckFunctionExists.c.o
ld: symbol(s) not found for architecture x86_64
collect2: ld returned 1 exit status
make[1]: *** [cmTryCompileExec3303050362] Error 1
make: *** [cmTryCompileExec3303050362/fast] Error 2


Determining if the function rdtscll exists failed with the following output:
Change Dir: /Users/showell/Development/mysql-cloud-engine/mysql-5.5.25a/CMakeFiles/CMakeTmp

Run Build Command:/usr/bin/make "cmTryCompileExec629268677/fast"
/usr/bin/make -f CMakeFiles/cmTryCompileExec629268677.dir/build.make CMakeFiles/cmTryCompileExec629268677.dir/build
/usr/local/Cellar/cmake/2.8.8/bin/cmake -E cmake_progress_report /Users/showell/Development/mysql-cloud-engine/mysql-5.5.25a/CMakeFiles/CMakeTmp/CMakeFiles 1
Building C object CMakeFiles/cmTryCompileExec629268677.dir/CheckFunctionExists.c.o
/usr/bin/gcc   -Wall  -DCHECK_FUNCTION_EXISTS=rdtscll   -o CMakeFiles/cmTryCompileExec629268677.dir/CheckFunctionExists.c.o   -c /usr/local/Cellar/cmake/2.8.8/share/cmake/Modules/CheckFunctionExists.c
Linking C executable cmTryCompileExec629268677
/usr/local/Cellar/cmake/2.8.8/bin/cmake -E cmake_link_script CMakeFiles/cmTryCompileExec629268677.dir/link.txt --verbose=1
/usr/bin/gcc    -Wall  -DCHECK_FUNCTION_EXISTS=rdtscll -Wl,-search_paths_first -Wl,-headerpad_max_install_names   CMakeFiles/cmTryCompileExec629268677.dir/CheckFunctionExists.c.o  -o cmTryCompileExec629268677  
Undefined symbols for architecture x86_64:
  "_rdtscll", referenced from:
      _main in CheckFunctionExists.c.o
ld: symbol(s) not found for architecture x86_64
collect2: ld returned 1 exit status
make[1]: *** [cmTryCompileExec629268677] Error 1
make: *** [cmTryCompileExec629268677/fast] Error 2


Determining size of uchar failed with the following output:
Change Dir: /Users/showell/Development/mysql-cloud-engine/mysql-5.5.25a/CMakeFiles/CMakeTmp

Run Build Command:/usr/bin/make "cmTryCompileExec757682111/fast"
/usr/bin/make -f CMakeFiles/cmTryCompileExec757682111.dir/build.make CMakeFiles/cmTryCompileExec757682111.dir/build
/usr/local/Cellar/cmake/2.8.8/bin/cmake -E cmake_progress_report /Users/showell/Development/mysql-cloud-engine/mysql-5.5.25a/CMakeFiles/CMakeTmp/CMakeFiles 1
Building C object CMakeFiles/cmTryCompileExec757682111.dir/SIZEOF_UCHAR.c.o
/usr/bin/gcc  -D_LARGEFILE_SOURCE -D_LARGE_FILES -D_FILE_OFFSET_BITS=64 -D__STDC_LIMIT_MACROS -D__STDC_CONSTANT_MACROS -D__STDC_FORMAT_MACROS -Wall     -o CMakeFiles/cmTryCompileExec757682111.dir/SIZEOF_UCHAR.c.o   -c /Users/showell/Development/mysql-cloud-engine/mysql-5.5.25a/CMakeFiles/CheckTypeSize/SIZEOF_UCHAR.c
/Users/showell/Development/mysql-cloud-engine/mysql-5.5.25a/CMakeFiles/CheckTypeSize/SIZEOF_UCHAR.c:21: error: ‘uchar’ undeclared here (not in a function)
make[1]: *** [CMakeFiles/cmTryCompileExec757682111.dir/SIZEOF_UCHAR.c.o] Error 1
make: *** [cmTryCompileExec757682111/fast] Error 2

/Users/showell/Development/mysql-cloud-engine/mysql-5.5.25a/CMakeFiles/CheckTypeSize/SIZEOF_UCHAR.c:
#include <sys/types.h>
#include <stdint.h>
#include <stddef.h>
#include "stdio.h"
#include "sys/types.h"


#undef KEY
#if defined(__i386)
# define KEY '_','_','i','3','8','6'
#elif defined(__x86_64)
# define KEY '_','_','x','8','6','_','6','4'
#elif defined(__ppc__)
# define KEY '_','_','p','p','c','_','_'
#elif defined(__ppc64__)
# define KEY '_','_','p','p','c','6','4','_','_'
#endif

#define SIZE (sizeof(uchar))
char info_size[] =  {'I', 'N', 'F', 'O', ':', 's','i','z','e','[',
  ('0' + ((SIZE / 10000)%10)),
  ('0' + ((SIZE / 1000)%10)),
  ('0' + ((SIZE / 100)%10)),
  ('0' + ((SIZE / 10)%10)),
  ('0' +  (SIZE    % 10)),
  ']',
#ifdef KEY
  ' ','k','e','y','[', KEY, ']',
#endif
  '\0'};

#ifdef __CLASSIC_C__
int main(argc, argv) int argc; char *argv[];
#else
int main(int argc, char *argv[])
#endif
{
  int require = 0;
  require += info_size[argc];
  (void)argv;
  return require;
}


Determining size of ulong failed with the following output:
Change Dir: /Users/showell/Development/mysql-cloud-engine/mysql-5.5.25a/CMakeFiles/CMakeTmp

Run Build Command:/usr/bin/make "cmTryCompileExec2276822167/fast"
/usr/bin/make -f CMakeFiles/cmTryCompileExec2276822167.dir/build.make CMakeFiles/cmTryCompileExec2276822167.dir/build
/usr/local/Cellar/cmake/2.8.8/bin/cmake -E cmake_progress_report /Users/showell/Development/mysql-cloud-engine/mysql-5.5.25a/CMakeFiles/CMakeTmp/CMakeFiles 1
Building C object CMakeFiles/cmTryCompileExec2276822167.dir/SIZEOF_ULONG.c.o
/usr/bin/gcc  -D_LARGEFILE_SOURCE -D_LARGE_FILES -D_FILE_OFFSET_BITS=64 -D__STDC_LIMIT_MACROS -D__STDC_CONSTANT_MACROS -D__STDC_FORMAT_MACROS -Wall     -o CMakeFiles/cmTryCompileExec2276822167.dir/SIZEOF_ULONG.c.o   -c /Users/showell/Development/mysql-cloud-engine/mysql-5.5.25a/CMakeFiles/CheckTypeSize/SIZEOF_ULONG.c
/Users/showell/Development/mysql-cloud-engine/mysql-5.5.25a/CMakeFiles/CheckTypeSize/SIZEOF_ULONG.c:21: error: ‘ulong’ undeclared here (not in a function)
make[1]: *** [CMakeFiles/cmTryCompileExec2276822167.dir/SIZEOF_ULONG.c.o] Error 1
make: *** [cmTryCompileExec2276822167/fast] Error 2

/Users/showell/Development/mysql-cloud-engine/mysql-5.5.25a/CMakeFiles/CheckTypeSize/SIZEOF_ULONG.c:
#include <sys/types.h>
#include <stdint.h>
#include <stddef.h>
#include "stdio.h"
#include "sys/types.h"


#undef KEY
#if defined(__i386)
# define KEY '_','_','i','3','8','6'
#elif defined(__x86_64)
# define KEY '_','_','x','8','6','_','6','4'
#elif defined(__ppc__)
# define KEY '_','_','p','p','c','_','_'
#elif defined(__ppc64__)
# define KEY '_','_','p','p','c','6','4','_','_'
#endif

#define SIZE (sizeof(ulong))
char info_size[] =  {'I', 'N', 'F', 'O', ':', 's','i','z','e','[',
  ('0' + ((SIZE / 10000)%10)),
  ('0' + ((SIZE / 1000)%10)),
  ('0' + ((SIZE / 100)%10)),
  ('0' + ((SIZE / 10)%10)),
  ('0' +  (SIZE    % 10)),
  ']',
#ifdef KEY
  ' ','k','e','y','[', KEY, ']',
#endif
  '\0'};

#ifdef __CLASSIC_C__
int main(argc, argv) int argc; char *argv[];
#else
int main(int argc, char *argv[])
#endif
{
  int require = 0;
  require += info_size[argc];
  (void)argv;
  return require;
}


Determining size of int8 failed with the following output:
Change Dir: /Users/showell/Development/mysql-cloud-engine/mysql-5.5.25a/CMakeFiles/CMakeTmp

Run Build Command:/usr/bin/make "cmTryCompileExec3226154226/fast"
/usr/bin/make -f CMakeFiles/cmTryCompileExec3226154226.dir/build.make CMakeFiles/cmTryCompileExec3226154226.dir/build
/usr/local/Cellar/cmake/2.8.8/bin/cmake -E cmake_progress_report /Users/showell/Development/mysql-cloud-engine/mysql-5.5.25a/CMakeFiles/CMakeTmp/CMakeFiles 1
Building C object CMakeFiles/cmTryCompileExec3226154226.dir/SIZEOF_INT8.c.o
/usr/bin/gcc  -D_LARGEFILE_SOURCE -D_LARGE_FILES -D_FILE_OFFSET_BITS=64 -D__STDC_LIMIT_MACROS -D__STDC_CONSTANT_MACROS -D__STDC_FORMAT_MACROS -Wall     -o CMakeFiles/cmTryCompileExec3226154226.dir/SIZEOF_INT8.c.o   -c /Users/showell/Development/mysql-cloud-engine/mysql-5.5.25a/CMakeFiles/CheckTypeSize/SIZEOF_INT8.c
/Users/showell/Development/mysql-cloud-engine/mysql-5.5.25a/CMakeFiles/CheckTypeSize/SIZEOF_INT8.c:21: error: ‘int8’ undeclared here (not in a function)
make[1]: *** [CMakeFiles/cmTryCompileExec3226154226.dir/SIZEOF_INT8.c.o] Error 1
make: *** [cmTryCompileExec3226154226/fast] Error 2

/Users/showell/Development/mysql-cloud-engine/mysql-5.5.25a/CMakeFiles/CheckTypeSize/SIZEOF_INT8.c:
#include <sys/types.h>
#include <stdint.h>
#include <stddef.h>
#include "stdio.h"
#include "sys/types.h"


#undef KEY
#if defined(__i386)
# define KEY '_','_','i','3','8','6'
#elif defined(__x86_64)
# define KEY '_','_','x','8','6','_','6','4'
#elif defined(__ppc__)
# define KEY '_','_','p','p','c','_','_'
#elif defined(__ppc64__)
# define KEY '_','_','p','p','c','6','4','_','_'
#endif

#define SIZE (sizeof(int8))
char info_size[] =  {'I', 'N', 'F', 'O', ':', 's','i','z','e','[',
  ('0' + ((SIZE / 10000)%10)),
  ('0' + ((SIZE / 1000)%10)),
  ('0' + ((SIZE / 100)%10)),
  ('0' + ((SIZE / 10)%10)),
  ('0' +  (SIZE    % 10)),
  ']',
#ifdef KEY
  ' ','k','e','y','[', KEY, ']',
#endif
  '\0'};

#ifdef __CLASSIC_C__
int main(argc, argv) int argc; char *argv[];
#else
int main(int argc, char *argv[])
#endif
{
  int require = 0;
  require += info_size[argc];
  (void)argv;
  return require;
}


Determining size of uint8 failed with the following output:
Change Dir: /Users/showell/Development/mysql-cloud-engine/mysql-5.5.25a/CMakeFiles/CMakeTmp

Run Build Command:/usr/bin/make "cmTryCompileExec2980938055/fast"
/usr/bin/make -f CMakeFiles/cmTryCompileExec2980938055.dir/build.make CMakeFiles/cmTryCompileExec2980938055.dir/build
/usr/local/Cellar/cmake/2.8.8/bin/cmake -E cmake_progress_report /Users/showell/Development/mysql-cloud-engine/mysql-5.5.25a/CMakeFiles/CMakeTmp/CMakeFiles 1
Building C object CMakeFiles/cmTryCompileExec2980938055.dir/SIZEOF_UINT8.c.o
/usr/bin/gcc  -D_LARGEFILE_SOURCE -D_LARGE_FILES -D_FILE_OFFSET_BITS=64 -D__STDC_LIMIT_MACROS -D__STDC_CONSTANT_MACROS -D__STDC_FORMAT_MACROS -Wall     -o CMakeFiles/cmTryCompileExec2980938055.dir/SIZEOF_UINT8.c.o   -c /Users/showell/Development/mysql-cloud-engine/mysql-5.5.25a/CMakeFiles/CheckTypeSize/SIZEOF_UINT8.c
/Users/showell/Development/mysql-cloud-engine/mysql-5.5.25a/CMakeFiles/CheckTypeSize/SIZEOF_UINT8.c:21: error: ‘uint8’ undeclared here (not in a function)
make[1]: *** [CMakeFiles/cmTryCompileExec2980938055.dir/SIZEOF_UINT8.c.o] Error 1
make: *** [cmTryCompileExec2980938055/fast] Error 2

/Users/showell/Development/mysql-cloud-engine/mysql-5.5.25a/CMakeFiles/CheckTypeSize/SIZEOF_UINT8.c:
#include <sys/types.h>
#include <stdint.h>
#include <stddef.h>
#include "stdio.h"
#include "sys/types.h"


#undef KEY
#if defined(__i386)
# define KEY '_','_','i','3','8','6'
#elif defined(__x86_64)
# define KEY '_','_','x','8','6','_','6','4'
#elif defined(__ppc__)
# define KEY '_','_','p','p','c','_','_'
#elif defined(__ppc64__)
# define KEY '_','_','p','p','c','6','4','_','_'
#endif

#define SIZE (sizeof(uint8))
char info_size[] =  {'I', 'N', 'F', 'O', ':', 's','i','z','e','[',
  ('0' + ((SIZE / 10000)%10)),
  ('0' + ((SIZE / 1000)%10)),
  ('0' + ((SIZE / 100)%10)),
  ('0' + ((SIZE / 10)%10)),
  ('0' +  (SIZE    % 10)),
  ']',
#ifdef KEY
  ' ','k','e','y','[', KEY, ']',
#endif
  '\0'};

#ifdef __CLASSIC_C__
int main(argc, argv) int argc; char *argv[];
#else
int main(int argc, char *argv[])
#endif
{
  int require = 0;
  require += info_size[argc];
  (void)argv;
  return require;
}


Determining size of int16 failed with the following output:
Change Dir: /Users/showell/Development/mysql-cloud-engine/mysql-5.5.25a/CMakeFiles/CMakeTmp

Run Build Command:/usr/bin/make "cmTryCompileExec3210270654/fast"
/usr/bin/make -f CMakeFiles/cmTryCompileExec3210270654.dir/build.make CMakeFiles/cmTryCompileExec3210270654.dir/build
/usr/local/Cellar/cmake/2.8.8/bin/cmake -E cmake_progress_report /Users/showell/Development/mysql-cloud-engine/mysql-5.5.25a/CMakeFiles/CMakeTmp/CMakeFiles 1
Building C object CMakeFiles/cmTryCompileExec3210270654.dir/SIZEOF_INT16.c.o
/usr/bin/gcc  -D_LARGEFILE_SOURCE -D_LARGE_FILES -D_FILE_OFFSET_BITS=64 -D__STDC_LIMIT_MACROS -D__STDC_CONSTANT_MACROS -D__STDC_FORMAT_MACROS -Wall     -o CMakeFiles/cmTryCompileExec3210270654.dir/SIZEOF_INT16.c.o   -c /Users/showell/Development/mysql-cloud-engine/mysql-5.5.25a/CMakeFiles/CheckTypeSize/SIZEOF_INT16.c
/Users/showell/Development/mysql-cloud-engine/mysql-5.5.25a/CMakeFiles/CheckTypeSize/SIZEOF_INT16.c:21: error: ‘int16’ undeclared here (not in a function)
make[1]: *** [CMakeFiles/cmTryCompileExec3210270654.dir/SIZEOF_INT16.c.o] Error 1
make: *** [cmTryCompileExec3210270654/fast] Error 2

/Users/showell/Development/mysql-cloud-engine/mysql-5.5.25a/CMakeFiles/CheckTypeSize/SIZEOF_INT16.c:
#include <sys/types.h>
#include <stdint.h>
#include <stddef.h>
#include "stdio.h"
#include "sys/types.h"


#undef KEY
#if defined(__i386)
# define KEY '_','_','i','3','8','6'
#elif defined(__x86_64)
# define KEY '_','_','x','8','6','_','6','4'
#elif defined(__ppc__)
# define KEY '_','_','p','p','c','_','_'
#elif defined(__ppc64__)
# define KEY '_','_','p','p','c','6','4','_','_'
#endif

#define SIZE (sizeof(int16))
char info_size[] =  {'I', 'N', 'F', 'O', ':', 's','i','z','e','[',
  ('0' + ((SIZE / 10000)%10)),
  ('0' + ((SIZE / 1000)%10)),
  ('0' + ((SIZE / 100)%10)),
  ('0' + ((SIZE / 10)%10)),
  ('0' +  (SIZE    % 10)),
  ']',
#ifdef KEY
  ' ','k','e','y','[', KEY, ']',
#endif
  '\0'};

#ifdef __CLASSIC_C__
int main(argc, argv) int argc; char *argv[];
#else
int main(int argc, char *argv[])
#endif
{
  int require = 0;
  require += info_size[argc];
  (void)argv;
  return require;
}


Determining size of uint16 failed with the following output:
Change Dir: /Users/showell/Development/mysql-cloud-engine/mysql-5.5.25a/CMakeFiles/CMakeTmp

Run Build Command:/usr/bin/make "cmTryCompileExec3907435611/fast"
/usr/bin/make -f CMakeFiles/cmTryCompileExec3907435611.dir/build.make CMakeFiles/cmTryCompileExec3907435611.dir/build
/usr/local/Cellar/cmake/2.8.8/bin/cmake -E cmake_progress_report /Users/showell/Development/mysql-cloud-engine/mysql-5.5.25a/CMakeFiles/CMakeTmp/CMakeFiles 1
Building C object CMakeFiles/cmTryCompileExec3907435611.dir/SIZEOF_UINT16.c.o
/usr/bin/gcc  -D_LARGEFILE_SOURCE -D_LARGE_FILES -D_FILE_OFFSET_BITS=64 -D__STDC_LIMIT_MACROS -D__STDC_CONSTANT_MACROS -D__STDC_FORMAT_MACROS -Wall     -o CMakeFiles/cmTryCompileExec3907435611.dir/SIZEOF_UINT16.c.o   -c /Users/showell/Development/mysql-cloud-engine/mysql-5.5.25a/CMakeFiles/CheckTypeSize/SIZEOF_UINT16.c
/Users/showell/Development/mysql-cloud-engine/mysql-5.5.25a/CMakeFiles/CheckTypeSize/SIZEOF_UINT16.c:21: error: ‘uint16’ undeclared here (not in a function)
make[1]: *** [CMakeFiles/cmTryCompileExec3907435611.dir/SIZEOF_UINT16.c.o] Error 1
make: *** [cmTryCompileExec3907435611/fast] Error 2

/Users/showell/Development/mysql-cloud-engine/mysql-5.5.25a/CMakeFiles/CheckTypeSize/SIZEOF_UINT16.c:
#include <sys/types.h>
#include <stdint.h>
#include <stddef.h>
#include "stdio.h"
#include "sys/types.h"


#undef KEY
#if defined(__i386)
# define KEY '_','_','i','3','8','6'
#elif defined(__x86_64)
# define KEY '_','_','x','8','6','_','6','4'
#elif defined(__ppc__)
# define KEY '_','_','p','p','c','_','_'
#elif defined(__ppc64__)
# define KEY '_','_','p','p','c','6','4','_','_'
#endif

#define SIZE (sizeof(uint16))
char info_size[] =  {'I', 'N', 'F', 'O', ':', 's','i','z','e','[',
  ('0' + ((SIZE / 10000)%10)),
  ('0' + ((SIZE / 1000)%10)),
  ('0' + ((SIZE / 100)%10)),
  ('0' + ((SIZE / 10)%10)),
  ('0' +  (SIZE    % 10)),
  ']',
#ifdef KEY
  ' ','k','e','y','[', KEY, ']',
#endif
  '\0'};

#ifdef __CLASSIC_C__
int main(argc, argv) int argc; char *argv[];
#else
int main(int argc, char *argv[])
#endif
{
  int require = 0;
  require += info_size[argc];
  (void)argv;
  return require;
}


Determining size of int32 failed with the following output:
Change Dir: /Users/showell/Development/mysql-cloud-engine/mysql-5.5.25a/CMakeFiles/CMakeTmp

Run Build Command:/usr/bin/make "cmTryCompileExec995201661/fast"
/usr/bin/make -f CMakeFiles/cmTryCompileExec995201661.dir/build.make CMakeFiles/cmTryCompileExec995201661.dir/build
/usr/local/Cellar/cmake/2.8.8/bin/cmake -E cmake_progress_report /Users/showell/Development/mysql-cloud-engine/mysql-5.5.25a/CMakeFiles/CMakeTmp/CMakeFiles 1
Building C object CMakeFiles/cmTryCompileExec995201661.dir/SIZEOF_INT32.c.o
/usr/bin/gcc  -D_LARGEFILE_SOURCE -D_LARGE_FILES -D_FILE_OFFSET_BITS=64 -D__STDC_LIMIT_MACROS -D__STDC_CONSTANT_MACROS -D__STDC_FORMAT_MACROS -Wall     -o CMakeFiles/cmTryCompileExec995201661.dir/SIZEOF_INT32.c.o   -c /Users/showell/Development/mysql-cloud-engine/mysql-5.5.25a/CMakeFiles/CheckTypeSize/SIZEOF_INT32.c
/Users/showell/Development/mysql-cloud-engine/mysql-5.5.25a/CMakeFiles/CheckTypeSize/SIZEOF_INT32.c:21: error: ‘int32’ undeclared here (not in a function)
make[1]: *** [CMakeFiles/cmTryCompileExec995201661.dir/SIZEOF_INT32.c.o] Error 1
make: *** [cmTryCompileExec995201661/fast] Error 2

/Users/showell/Development/mysql-cloud-engine/mysql-5.5.25a/CMakeFiles/CheckTypeSize/SIZEOF_INT32.c:
#include <sys/types.h>
#include <stdint.h>
#include <stddef.h>
#include "stdio.h"
#include "sys/types.h"


#undef KEY
#if defined(__i386)
# define KEY '_','_','i','3','8','6'
#elif defined(__x86_64)
# define KEY '_','_','x','8','6','_','6','4'
#elif defined(__ppc__)
# define KEY '_','_','p','p','c','_','_'
#elif defined(__ppc64__)
# define KEY '_','_','p','p','c','6','4','_','_'
#endif

#define SIZE (sizeof(int32))
char info_size[] =  {'I', 'N', 'F', 'O', ':', 's','i','z','e','[',
  ('0' + ((SIZE / 10000)%10)),
  ('0' + ((SIZE / 1000)%10)),
  ('0' + ((SIZE / 100)%10)),
  ('0' + ((SIZE / 10)%10)),
  ('0' +  (SIZE    % 10)),
  ']',
#ifdef KEY
  ' ','k','e','y','[', KEY, ']',
#endif
  '\0'};

#ifdef __CLASSIC_C__
int main(argc, argv) int argc; char *argv[];
#else
int main(int argc, char *argv[])
#endif
{
  int require = 0;
  require += info_size[argc];
  (void)argv;
  return require;
}


Determining size of uint32 failed with the following output:
Change Dir: /Users/showell/Development/mysql-cloud-engine/mysql-5.5.25a/CMakeFiles/CMakeTmp

Run Build Command:/usr/bin/make "cmTryCompileExec1294184202/fast"
/usr/bin/make -f CMakeFiles/cmTryCompileExec1294184202.dir/build.make CMakeFiles/cmTryCompileExec1294184202.dir/build
/usr/local/Cellar/cmake/2.8.8/bin/cmake -E cmake_progress_report /Users/showell/Development/mysql-cloud-engine/mysql-5.5.25a/CMakeFiles/CMakeTmp/CMakeFiles 1
Building C object CMakeFiles/cmTryCompileExec1294184202.dir/SIZEOF_UINT32.c.o
/usr/bin/gcc  -D_LARGEFILE_SOURCE -D_LARGE_FILES -D_FILE_OFFSET_BITS=64 -D__STDC_LIMIT_MACROS -D__STDC_CONSTANT_MACROS -D__STDC_FORMAT_MACROS -Wall     -o CMakeFiles/cmTryCompileExec1294184202.dir/SIZEOF_UINT32.c.o   -c /Users/showell/Development/mysql-cloud-engine/mysql-5.5.25a/CMakeFiles/CheckTypeSize/SIZEOF_UINT32.c
/Users/showell/Development/mysql-cloud-engine/mysql-5.5.25a/CMakeFiles/CheckTypeSize/SIZEOF_UINT32.c:21: error: ‘uint32’ undeclared here (not in a function)
make[1]: *** [CMakeFiles/cmTryCompileExec1294184202.dir/SIZEOF_UINT32.c.o] Error 1
make: *** [cmTryCompileExec1294184202/fast] Error 2

/Users/showell/Development/mysql-cloud-engine/mysql-5.5.25a/CMakeFiles/CheckTypeSize/SIZEOF_UINT32.c:
#include <sys/types.h>
#include <stdint.h>
#include <stddef.h>
#include "stdio.h"
#include "sys/types.h"


#undef KEY
#if defined(__i386)
# define KEY '_','_','i','3','8','6'
#elif defined(__x86_64)
# define KEY '_','_','x','8','6','_','6','4'
#elif defined(__ppc__)
# define KEY '_','_','p','p','c','_','_'
#elif defined(__ppc64__)
# define KEY '_','_','p','p','c','6','4','_','_'
#endif

#define SIZE (sizeof(uint32))
char info_size[] =  {'I', 'N', 'F', 'O', ':', 's','i','z','e','[',
  ('0' + ((SIZE / 10000)%10)),
  ('0' + ((SIZE / 1000)%10)),
  ('0' + ((SIZE / 100)%10)),
  ('0' + ((SIZE / 10)%10)),
  ('0' +  (SIZE    % 10)),
  ']',
#ifdef KEY
  ' ','k','e','y','[', KEY, ']',
#endif
  '\0'};

#ifdef __CLASSIC_C__
int main(argc, argv) int argc; char *argv[];
#else
int main(int argc, char *argv[])
#endif
{
  int require = 0;
  require += info_size[argc];
  (void)argv;
  return require;
}


Determining size of int64 failed with the following output:
Change Dir: /Users/showell/Development/mysql-cloud-engine/mysql-5.5.25a/CMakeFiles/CMakeTmp

Run Build Command:/usr/bin/make "cmTryCompileExec2728821368/fast"
/usr/bin/make -f CMakeFiles/cmTryCompileExec2728821368.dir/build.make CMakeFiles/cmTryCompileExec2728821368.dir/build
/usr/local/Cellar/cmake/2.8.8/bin/cmake -E cmake_progress_report /Users/showell/Development/mysql-cloud-engine/mysql-5.5.25a/CMakeFiles/CMakeTmp/CMakeFiles 1
Building C object CMakeFiles/cmTryCompileExec2728821368.dir/SIZEOF_INT64.c.o
/usr/bin/gcc  -D_LARGEFILE_SOURCE -D_LARGE_FILES -D_FILE_OFFSET_BITS=64 -D__STDC_LIMIT_MACROS -D__STDC_CONSTANT_MACROS -D__STDC_FORMAT_MACROS -Wall     -o CMakeFiles/cmTryCompileExec2728821368.dir/SIZEOF_INT64.c.o   -c /Users/showell/Development/mysql-cloud-engine/mysql-5.5.25a/CMakeFiles/CheckTypeSize/SIZEOF_INT64.c
/Users/showell/Development/mysql-cloud-engine/mysql-5.5.25a/CMakeFiles/CheckTypeSize/SIZEOF_INT64.c:21: error: ‘int64’ undeclared here (not in a function)
make[1]: *** [CMakeFiles/cmTryCompileExec2728821368.dir/SIZEOF_INT64.c.o] Error 1
make: *** [cmTryCompileExec2728821368/fast] Error 2

/Users/showell/Development/mysql-cloud-engine/mysql-5.5.25a/CMakeFiles/CheckTypeSize/SIZEOF_INT64.c:
#include <sys/types.h>
#include <stdint.h>
#include <stddef.h>
#include "stdio.h"
#include "sys/types.h"


#undef KEY
#if defined(__i386)
# define KEY '_','_','i','3','8','6'
#elif defined(__x86_64)
# define KEY '_','_','x','8','6','_','6','4'
#elif defined(__ppc__)
# define KEY '_','_','p','p','c','_','_'
#elif defined(__ppc64__)
# define KEY '_','_','p','p','c','6','4','_','_'
#endif

#define SIZE (sizeof(int64))
char info_size[] =  {'I', 'N', 'F', 'O', ':', 's','i','z','e','[',
  ('0' + ((SIZE / 10000)%10)),
  ('0' + ((SIZE / 1000)%10)),
  ('0' + ((SIZE / 100)%10)),
  ('0' + ((SIZE / 10)%10)),
  ('0' +  (SIZE    % 10)),
  ']',
#ifdef KEY
  ' ','k','e','y','[', KEY, ']',
#endif
  '\0'};

#ifdef __CLASSIC_C__
int main(argc, argv) int argc; char *argv[];
#else
int main(int argc, char *argv[])
#endif
{
  int require = 0;
  require += info_size[argc];
  (void)argv;
  return require;
}


Determining size of uint64 failed with the following output:
Change Dir: /Users/showell/Development/mysql-cloud-engine/mysql-5.5.25a/CMakeFiles/CMakeTmp

Run Build Command:/usr/bin/make "cmTryCompileExec2559618881/fast"
/usr/bin/make -f CMakeFiles/cmTryCompileExec2559618881.dir/build.make CMakeFiles/cmTryCompileExec2559618881.dir/build
/usr/local/Cellar/cmake/2.8.8/bin/cmake -E cmake_progress_report /Users/showell/Development/mysql-cloud-engine/mysql-5.5.25a/CMakeFiles/CMakeTmp/CMakeFiles 1
Building C object CMakeFiles/cmTryCompileExec2559618881.dir/SIZEOF_UINT64.c.o
/usr/bin/gcc  -D_LARGEFILE_SOURCE -D_LARGE_FILES -D_FILE_OFFSET_BITS=64 -D__STDC_LIMIT_MACROS -D__STDC_CONSTANT_MACROS -D__STDC_FORMAT_MACROS -Wall     -o CMakeFiles/cmTryCompileExec2559618881.dir/SIZEOF_UINT64.c.o   -c /Users/showell/Development/mysql-cloud-engine/mysql-5.5.25a/CMakeFiles/CheckTypeSize/SIZEOF_UINT64.c
/Users/showell/Development/mysql-cloud-engine/mysql-5.5.25a/CMakeFiles/CheckTypeSize/SIZEOF_UINT64.c:21: error: ‘uint64’ undeclared here (not in a function)
make[1]: *** [CMakeFiles/cmTryCompileExec2559618881.dir/SIZEOF_UINT64.c.o] Error 1
make: *** [cmTryCompileExec2559618881/fast] Error 2

/Users/showell/Development/mysql-cloud-engine/mysql-5.5.25a/CMakeFiles/CheckTypeSize/SIZEOF_UINT64.c:
#include <sys/types.h>
#include <stdint.h>
#include <stddef.h>
#include "stdio.h"
#include "sys/types.h"


#undef KEY
#if defined(__i386)
# define KEY '_','_','i','3','8','6'
#elif defined(__x86_64)
# define KEY '_','_','x','8','6','_','6','4'
#elif defined(__ppc__)
# define KEY '_','_','p','p','c','_','_'
#elif defined(__ppc64__)
# define KEY '_','_','p','p','c','6','4','_','_'
#endif

#define SIZE (sizeof(uint64))
char info_size[] =  {'I', 'N', 'F', 'O', ':', 's','i','z','e','[',
  ('0' + ((SIZE / 10000)%10)),
  ('0' + ((SIZE / 1000)%10)),
  ('0' + ((SIZE / 100)%10)),
  ('0' + ((SIZE / 10)%10)),
  ('0' +  (SIZE    % 10)),
  ']',
#ifdef KEY
  ' ','k','e','y','[', KEY, ']',
#endif
  '\0'};

#ifdef __CLASSIC_C__
int main(argc, argv) int argc; char *argv[];
#else
int main(int argc, char *argv[])
#endif
{
  int require = 0;
  require += info_size[argc];
  (void)argv;
  return require;
}


Determining size of bool failed with the following output:
Change Dir: /Users/showell/Development/mysql-cloud-engine/mysql-5.5.25a/CMakeFiles/CMakeTmp

Run Build Command:/usr/bin/make "cmTryCompileExec2623324991/fast"
/usr/bin/make -f CMakeFiles/cmTryCompileExec2623324991.dir/build.make CMakeFiles/cmTryCompileExec2623324991.dir/build
/usr/local/Cellar/cmake/2.8.8/bin/cmake -E cmake_progress_report /Users/showell/Development/mysql-cloud-engine/mysql-5.5.25a/CMakeFiles/CMakeTmp/CMakeFiles 1
Building C object CMakeFiles/cmTryCompileExec2623324991.dir/SIZEOF_BOOL.c.o
/usr/bin/gcc  -D_LARGEFILE_SOURCE -D_LARGE_FILES -D_FILE_OFFSET_BITS=64 -D__STDC_LIMIT_MACROS -D__STDC_CONSTANT_MACROS -D__STDC_FORMAT_MACROS -Wall     -o CMakeFiles/cmTryCompileExec2623324991.dir/SIZEOF_BOOL.c.o   -c /Users/showell/Development/mysql-cloud-engine/mysql-5.5.25a/CMakeFiles/CheckTypeSize/SIZEOF_BOOL.c
/Users/showell/Development/mysql-cloud-engine/mysql-5.5.25a/CMakeFiles/CheckTypeSize/SIZEOF_BOOL.c:20: error: ‘bool’ undeclared here (not in a function)
make[1]: *** [CMakeFiles/cmTryCompileExec2623324991.dir/SIZEOF_BOOL.c.o] Error 1
make: *** [cmTryCompileExec2623324991/fast] Error 2

/Users/showell/Development/mysql-cloud-engine/mysql-5.5.25a/CMakeFiles/CheckTypeSize/SIZEOF_BOOL.c:
#include <sys/types.h>
#include <stdint.h>
#include <stddef.h>
#include "sys/types.h"


#undef KEY
#if defined(__i386)
# define KEY '_','_','i','3','8','6'
#elif defined(__x86_64)
# define KEY '_','_','x','8','6','_','6','4'
#elif defined(__ppc__)
# define KEY '_','_','p','p','c','_','_'
#elif defined(__ppc64__)
# define KEY '_','_','p','p','c','6','4','_','_'
#endif

#define SIZE (sizeof(bool))
char info_size[] =  {'I', 'N', 'F', 'O', ':', 's','i','z','e','[',
  ('0' + ((SIZE / 10000)%10)),
  ('0' + ((SIZE / 1000)%10)),
  ('0' + ((SIZE / 100)%10)),
  ('0' + ((SIZE / 10)%10)),
  ('0' +  (SIZE    % 10)),
  ']',
#ifdef KEY
  ' ','k','e','y','[', KEY, ']',
#endif
  '\0'};

#ifdef __CLASSIC_C__
int main(argc, argv) int argc; char *argv[];
#else
int main(int argc, char *argv[])
#endif
{
  int require = 0;
  require += info_size[argc];
  (void)argv;
  return require;
}


Performing C SOURCE FILE Test TIME_T_UNSIGNED failed with the following output:
Change Dir: /Users/showell/Development/mysql-cloud-engine/mysql-5.5.25a/CMakeFiles/CMakeTmp

Run Build Command:/usr/bin/make "cmTryCompileExec265395647/fast"
/usr/bin/make -f CMakeFiles/cmTryCompileExec265395647.dir/build.make CMakeFiles/cmTryCompileExec265395647.dir/build
/usr/local/Cellar/cmake/2.8.8/bin/cmake -E cmake_progress_report /Users/showell/Development/mysql-cloud-engine/mysql-5.5.25a/CMakeFiles/CMakeTmp/CMakeFiles 1
Building C object CMakeFiles/cmTryCompileExec265395647.dir/src.c.o
/usr/bin/gcc  -D_LARGEFILE_SOURCE -D_LARGE_FILES -D_FILE_OFFSET_BITS=64 -D__STDC_LIMIT_MACROS -D__STDC_CONSTANT_MACROS -D__STDC_FORMAT_MACROS -Wall  -DTIME_T_UNSIGNED   -o CMakeFiles/cmTryCompileExec265395647.dir/src.c.o   -c /Users/showell/Development/mysql-cloud-engine/mysql-5.5.25a/CMakeFiles/CMakeTmp/src.c
/Users/showell/Development/mysql-cloud-engine/mysql-5.5.25a/CMakeFiles/CMakeTmp/src.c: In function ‘main’:
/Users/showell/Development/mysql-cloud-engine/mysql-5.5.25a/CMakeFiles/CMakeTmp/src.c:4: error: ‘time_t’ undeclared (first use in this function)
/Users/showell/Development/mysql-cloud-engine/mysql-5.5.25a/CMakeFiles/CMakeTmp/src.c:4: error: (Each undeclared identifier is reported only once
/Users/showell/Development/mysql-cloud-engine/mysql-5.5.25a/CMakeFiles/CMakeTmp/src.c:4: error: for each function it appears in.)
/Users/showell/Development/mysql-cloud-engine/mysql-5.5.25a/CMakeFiles/CMakeTmp/src.c:4: warning: unused variable ‘array’
make[1]: *** [CMakeFiles/cmTryCompileExec265395647.dir/src.c.o] Error 1
make: *** [cmTryCompileExec265395647/fast] Error 2

Source file was:

int main()
{
  int array[(((time_t)-1) > 0) ? 1 : -1];
  return 0;
}
Performing C SOURCE FILE Test HAVE_TIMESPEC_TS_SEC failed with the following output:
Change Dir: /Users/showell/Development/mysql-cloud-engine/mysql-5.5.25a/CMakeFiles/CMakeTmp

Run Build Command:/usr/bin/make "cmTryCompileExec1239126760/fast"
/usr/bin/make -f CMakeFiles/cmTryCompileExec1239126760.dir/build.make CMakeFiles/cmTryCompileExec1239126760.dir/build
/usr/local/Cellar/cmake/2.8.8/bin/cmake -E cmake_progress_report /Users/showell/Development/mysql-cloud-engine/mysql-5.5.25a/CMakeFiles/CMakeTmp/CMakeFiles 1
Building C object CMakeFiles/cmTryCompileExec1239126760.dir/src.c.o
/usr/bin/gcc  -D_LARGEFILE_SOURCE -D_LARGE_FILES -D_FILE_OFFSET_BITS=64 -D__STDC_LIMIT_MACROS -D__STDC_CONSTANT_MACROS -D__STDC_FORMAT_MACROS -Wall  -DHAVE_TIMESPEC_TS_SEC   -o CMakeFiles/cmTryCompileExec1239126760.dir/src.c.o   -c /Users/showell/Development/mysql-cloud-engine/mysql-5.5.25a/CMakeFiles/CMakeTmp/src.c
/Users/showell/Development/mysql-cloud-engine/mysql-5.5.25a/CMakeFiles/CMakeTmp/src.c: In function ‘main’:
/Users/showell/Development/mysql-cloud-engine/mysql-5.5.25a/CMakeFiles/CMakeTmp/src.c:7: error: ‘struct timespec’ has no member named ‘ts_sec’
/Users/showell/Development/mysql-cloud-engine/mysql-5.5.25a/CMakeFiles/CMakeTmp/src.c:8: error: ‘struct timespec’ has no member named ‘ts_nsec’
/Users/showell/Development/mysql-cloud-engine/mysql-5.5.25a/CMakeFiles/CMakeTmp/src.c:9: warning: control reaches end of non-void function
make[1]: *** [CMakeFiles/cmTryCompileExec1239126760.dir/src.c.o] Error 1
make: *** [cmTryCompileExec1239126760/fast] Error 2

Source file was:

#include <pthread.h>

int main(int ac, char **av)
{
  struct timespec abstime;
  abstime.ts_sec = time(NULL)+1;
  abstime.ts_nsec = 0;
}

Performing C++ SOURCE FILE Test HAVE_PTHREAD_YIELD_ZERO_ARG failed with the following output:
Change Dir: /Users/showell/Development/mysql-cloud-engine/mysql-5.5.25a/CMakeFiles/CMakeTmp

Run Build Command:/usr/bin/make "cmTryCompileExec3994645908/fast"
/usr/bin/make -f CMakeFiles/cmTryCompileExec3994645908.dir/build.make CMakeFiles/cmTryCompileExec3994645908.dir/build
/usr/local/Cellar/cmake/2.8.8/bin/cmake -E cmake_progress_report /Users/showell/Development/mysql-cloud-engine/mysql-5.5.25a/CMakeFiles/CMakeTmp/CMakeFiles 1
Building CXX object CMakeFiles/cmTryCompileExec3994645908.dir/src.cxx.o
/usr/bin/c++   -D_LARGEFILE_SOURCE -D_LARGE_FILES -D_FILE_OFFSET_BITS=64 -D__STDC_LIMIT_MACROS -D__STDC_CONSTANT_MACROS -D__STDC_FORMAT_MACROS -DHAVE_PTHREAD_YIELD_ZERO_ARG   -o CMakeFiles/cmTryCompileExec3994645908.dir/src.cxx.o -c /Users/showell/Development/mysql-cloud-engine/mysql-5.5.25a/CMakeFiles/CMakeTmp/src.cxx
/Users/showell/Development/mysql-cloud-engine/mysql-5.5.25a/CMakeFiles/CMakeTmp/src.cxx:5:3: error: use of undeclared identifier 'pthread_yield'
  pthread_yield();
  ^
1 error generated.
make[1]: *** [CMakeFiles/cmTryCompileExec3994645908.dir/src.cxx.o] Error 1
make: *** [cmTryCompileExec3994645908/fast] Error 2

Source file was:

#include <pthread.h>
int main()
{
  pthread_yield();
  return 0;
}

Performing C SOURCE FILE Test HAVE_BSS_START failed with the following output:
Change Dir: /Users/showell/Development/mysql-cloud-engine/mysql-5.5.25a/CMakeFiles/CMakeTmp

Run Build Command:/usr/bin/make "cmTryCompileExec4067608244/fast"
/usr/bin/make -f CMakeFiles/cmTryCompileExec4067608244.dir/build.make CMakeFiles/cmTryCompileExec4067608244.dir/build
/usr/local/Cellar/cmake/2.8.8/bin/cmake -E cmake_progress_report /Users/showell/Development/mysql-cloud-engine/mysql-5.5.25a/CMakeFiles/CMakeTmp/CMakeFiles 1
Building C object CMakeFiles/cmTryCompileExec4067608244.dir/src.c.o
/usr/bin/gcc  -D_LARGEFILE_SOURCE -D_LARGE_FILES -D_FILE_OFFSET_BITS=64 -D__STDC_LIMIT_MACROS -D__STDC_CONSTANT_MACROS -D__STDC_FORMAT_MACROS -Wall  -DHAVE_BSS_START   -o CMakeFiles/cmTryCompileExec4067608244.dir/src.c.o   -c /Users/showell/Development/mysql-cloud-engine/mysql-5.5.25a/CMakeFiles/CMakeTmp/src.c
Linking C executable cmTryCompileExec4067608244
/usr/local/Cellar/cmake/2.8.8/bin/cmake -E cmake_link_script CMakeFiles/cmTryCompileExec4067608244.dir/link.txt --verbose=1
/usr/bin/gcc    -Wall  -DHAVE_BSS_START -Wl,-search_paths_first -Wl,-headerpad_max_install_names   CMakeFiles/cmTryCompileExec4067608244.dir/src.c.o  -o cmTryCompileExec4067608244  
Undefined symbols for architecture x86_64:
  "___bss_start", referenced from:
      _main in src.c.o
ld: symbol(s) not found for architecture x86_64
collect2: ld returned 1 exit status
make[1]: *** [cmTryCompileExec4067608244] Error 1
make: *** [cmTryCompileExec4067608244/fast] Error 2

Source file was:

  int main(int argc, char **argv) 
  {
    extern char *__bss_start;
    return __bss_start ? 1 : 0;
  }
Performing C++ SOURCE FILE Test HAVE_SOLARIS_STYLE_GETHOST failed with the following output:
Change Dir: /Users/showell/Development/mysql-cloud-engine/mysql-5.5.25a/CMakeFiles/CMakeTmp

Run Build Command:/usr/bin/make "cmTryCompileExec113436974/fast"
/usr/bin/make -f CMakeFiles/cmTryCompileExec113436974.dir/build.make CMakeFiles/cmTryCompileExec113436974.dir/build
/usr/local/Cellar/cmake/2.8.8/bin/cmake -E cmake_progress_report /Users/showell/Development/mysql-cloud-engine/mysql-5.5.25a/CMakeFiles/CMakeTmp/CMakeFiles 1
Building CXX object CMakeFiles/cmTryCompileExec113436974.dir/src.cxx.o
/usr/bin/c++   -D_LARGEFILE_SOURCE -D_LARGE_FILES -D_FILE_OFFSET_BITS=64 -D__STDC_LIMIT_MACROS -D__STDC_CONSTANT_MACROS -D__STDC_FORMAT_MACROS -DHAVE_SOLARIS_STYLE_GETHOST   -o CMakeFiles/cmTryCompileExec113436974.dir/src.cxx.o -c /Users/showell/Development/mysql-cloud-engine/mysql-5.5.25a/CMakeFiles/CMakeTmp/src.cxx
/Users/showell/Development/mysql-cloud-engine/mysql-5.5.25a/CMakeFiles/CMakeTmp/src.cxx:16:8: error: use of undeclared identifier 'gethostbyaddr_r'; did you mean 'gethostbyaddr'?
       gethostbyaddr_r((const char *) 0,
       ^~~~~~~~~~~~~~~
       gethostbyaddr
/usr/include/netdb.h:276:17: note: 'gethostbyaddr' declared here
struct hostent  *gethostbyaddr(const void *, socklen_t, int);
                 ^
/Users/showell/Development/mysql-cloud-engine/mysql-5.5.25a/CMakeFiles/CMakeTmp/src.cxx:17:17: error: too many arguments to function call, expected 3, have 7
          0, 0, (struct hostent *) 0, (char *) NULL,  0, (int *)0);
                ^~~~~~~~~~~~~~~~~~~~~~~~~~~~~~~~~~~~~~~~~~~~~~~~~
/usr/include/netdb.h:276:1: note: 'gethostbyaddr' declared here
struct hostent  *gethostbyaddr(const void *, socklen_t, int);
^
2 errors generated.
make[1]: *** [CMakeFiles/cmTryCompileExec113436974.dir/src.cxx.o] Error 1
make: *** [cmTryCompileExec113436974/fast] Error 2

Source file was:

    #undef inline
    #if !defined(SCO) && !defined(__osf__) && !defined(_REENTRANT)
    #define _REENTRANT
    #endif
    #include <pthread.h>
    #include <sys/types.h>
    #include <sys/socket.h>
    #include <netinet/in.h>
    #include <arpa/inet.h>
    #include <netdb.h>
    int main()
    {

       struct hostent *foo =
       gethostbyaddr_r((const char *) 0,
          0, 0, (struct hostent *) 0, (char *) NULL,  0, (int *)0);
       return 0;
    }
  
Determining if the include file netinet/in6.h exists failed with the following output:
Change Dir: /Users/showell/Development/mysql-cloud-engine/mysql-5.5.25a/CMakeFiles/CMakeTmp

Run Build Command:/usr/bin/make "cmTryCompileExec2526784519/fast"
/usr/bin/make -f CMakeFiles/cmTryCompileExec2526784519.dir/build.make CMakeFiles/cmTryCompileExec2526784519.dir/build
/usr/local/Cellar/cmake/2.8.8/bin/cmake -E cmake_progress_report /Users/showell/Development/mysql-cloud-engine/mysql-5.5.25a/CMakeFiles/CMakeTmp/CMakeFiles 1
Building C object CMakeFiles/cmTryCompileExec2526784519.dir/CheckIncludeFile.c.o
/usr/bin/gcc  -D_LARGEFILE_SOURCE -D_LARGE_FILES -D_FILE_OFFSET_BITS=64 -D__STDC_LIMIT_MACROS -D__STDC_CONSTANT_MACROS -D__STDC_FORMAT_MACROS -Wall     -o CMakeFiles/cmTryCompileExec2526784519.dir/CheckIncludeFile.c.o   -c /Users/showell/Development/mysql-cloud-engine/mysql-5.5.25a/CMakeFiles/CMakeTmp/CheckIncludeFile.c
/Users/showell/Development/mysql-cloud-engine/mysql-5.5.25a/CMakeFiles/CMakeTmp/CheckIncludeFile.c:1:25: error: netinet/in6.h: No such file or directory
make[1]: *** [CMakeFiles/cmTryCompileExec2526784519.dir/CheckIncludeFile.c.o] Error 1
make: *** [cmTryCompileExec2526784519/fast] Error 2


Determining if the function mbscmp exists failed with the following output:
Change Dir: /Users/showell/Development/mysql-cloud-engine/mysql-5.5.25a/CMakeFiles/CMakeTmp

Run Build Command:/usr/bin/make "cmTryCompileExec3133009522/fast"
/usr/bin/make -f CMakeFiles/cmTryCompileExec3133009522.dir/build.make CMakeFiles/cmTryCompileExec3133009522.dir/build
/usr/local/Cellar/cmake/2.8.8/bin/cmake -E cmake_progress_report /Users/showell/Development/mysql-cloud-engine/mysql-5.5.25a/CMakeFiles/CMakeTmp/CMakeFiles 1
Building C object CMakeFiles/cmTryCompileExec3133009522.dir/CheckFunctionExists.c.o
/usr/bin/gcc  -D_LARGEFILE_SOURCE -D_LARGE_FILES -D_FILE_OFFSET_BITS=64 -D__STDC_LIMIT_MACROS -D__STDC_CONSTANT_MACROS -D__STDC_FORMAT_MACROS -Wall  -DCHECK_FUNCTION_EXISTS=mbscmp   -o CMakeFiles/cmTryCompileExec3133009522.dir/CheckFunctionExists.c.o   -c /usr/local/Cellar/cmake/2.8.8/share/cmake/Modules/CheckFunctionExists.c
Linking C executable cmTryCompileExec3133009522
/usr/local/Cellar/cmake/2.8.8/bin/cmake -E cmake_link_script CMakeFiles/cmTryCompileExec3133009522.dir/link.txt --verbose=1
/usr/bin/gcc    -Wall  -DCHECK_FUNCTION_EXISTS=mbscmp -Wl,-search_paths_first -Wl,-headerpad_max_install_names   CMakeFiles/cmTryCompileExec3133009522.dir/CheckFunctionExists.c.o  -o cmTryCompileExec3133009522  
Undefined symbols for architecture x86_64:
  "_mbscmp", referenced from:
      _main in CheckFunctionExists.c.o
ld: symbol(s) not found for architecture x86_64
collect2: ld returned 1 exit status
make[1]: *** [cmTryCompileExec3133009522] Error 1
make: *** [cmTryCompileExec3133009522/fast] Error 2


Performing C++ SOURCE FILE Test HAVE_PEERCRED failed with the following output:
Change Dir: /Users/showell/Development/mysql-cloud-engine/mysql-5.5.25a/CMakeFiles/CMakeTmp

Run Build Command:/usr/bin/make "cmTryCompileExec2739103447/fast"
/usr/bin/make -f CMakeFiles/cmTryCompileExec2739103447.dir/build.make CMakeFiles/cmTryCompileExec2739103447.dir/build
/usr/local/Cellar/cmake/2.8.8/bin/cmake -E cmake_progress_report /Users/showell/Development/mysql-cloud-engine/mysql-5.5.25a/CMakeFiles/CMakeTmp/CMakeFiles 1
Building CXX object CMakeFiles/cmTryCompileExec2739103447.dir/src.cxx.o
/usr/bin/c++   -D_LARGEFILE_SOURCE -D_LARGE_FILES -D_FILE_OFFSET_BITS=64 -D__STDC_LIMIT_MACROS -D__STDC_CONSTANT_MACROS -D__STDC_FORMAT_MACROS -DHAVE_PEERCRED   -o CMakeFiles/cmTryCompileExec2739103447.dir/src.cxx.o -c /Users/showell/Development/mysql-cloud-engine/mysql-5.5.25a/CMakeFiles/CMakeTmp/src.cxx
/Users/showell/Development/mysql-cloud-engine/mysql-5.5.25a/CMakeFiles/CMakeTmp/src.cxx:4:16: error: variable has incomplete type 'struct ucred'
  struct ucred cred;
               ^
/Users/showell/Development/mysql-cloud-engine/mysql-5.5.25a/CMakeFiles/CMakeTmp/src.cxx:4:10: note: forward declaration of 'ucred'
  struct ucred cred;
         ^
/Users/showell/Development/mysql-cloud-engine/mysql-5.5.25a/CMakeFiles/CMakeTmp/src.cxx:5:29: error: use of undeclared identifier 'SO_PEERCRED'
  getsockopt(0, SOL_SOCKET, SO_PEERCRED, &cred, 0);
                            ^
2 errors generated.
make[1]: *** [CMakeFiles/cmTryCompileExec2739103447.dir/src.cxx.o] Error 1
make: *** [cmTryCompileExec2739103447/fast] Error 2

Source file was:
#define _GNU_SOURCE
#include <sys/socket.h>
int main() {
  struct ucred cred;
  getsockopt(0, SOL_SOCKET, SO_PEERCRED, &cred, 0);
}
